<?xml version="1.0" encoding="UTF-8"?>
<!-- Generated by org.testng.reporters.JUnitXMLReporter -->
<testsuite hostname="ASH-LPT-19" ignored="0" name="RegressionTestsOnFirefox" tests="5" failures="2" timestamp="13 Mar 2018 08:51:01 GMT" time="126.081" errors="0">
  <testcase name="@AfterMethod CloseBrowser" time="0.247" classname="com.vp.utils.BaseUtils">
    <failure type="org.openqa.selenium.WebDriverException" message="Failed to decode response from marionette
Build info: version: &amp;apos;3.8.1&amp;apos;, revision: &amp;apos;6e95a6684b&amp;apos;, time: &amp;apos;2017-12-01T19:05:14.666Z&amp;apos;
System info: host: &amp;apos;ASH-LPT-19&amp;apos;, ip: &amp;apos;10.0.10.72&amp;apos;, os.name: &amp;apos;Windows 10&amp;apos;, os.arch: &amp;apos;amd64&amp;apos;, os.version: &amp;apos;10.0&amp;apos;, java.version: &amp;apos;1.8.0_151&amp;apos;
Driver info: org.openqa.selenium.firefox.FirefoxDriver
Capabilities {acceptInsecureCerts: true, browserName: firefox, browserVersion: 57.0.2, javascriptEnabled: true, moz:accessibilityChecks: false, moz:headless: false, moz:processID: 22216, moz:profile: C:\Users\veera\AppData\Loca..., moz:webdriverClick: false, pageLoadStrategy: normal, platform: XP, platformName: XP, platformVersion: 10.0, rotatable: false, timeouts: {implicit: 0, pageLoad: 300000, script: 30000}}
Session ID: a07c38ae-6f52-44cb-80f4-248a4e901580">
      <![CDATA[org.openqa.selenium.WebDriverException: Failed to decode response from marionetteBuild info: version: '3.8.1', revision: '6e95a6684b', time: '2017-12-01T19:05:14.666Z'System info: host: 'ASH-LPT-19', ip: '10.0.10.72', os.name: 'Windows 10', os.arch: 'amd64', os.version: '10.0', java.version: '1.8.0_151'Driver info: org.openqa.selenium.firefox.FirefoxDriverCapabilities {acceptInsecureCerts: true, browserName: firefox, browserVersion: 57.0.2, javascriptEnabled: true, moz:accessibilityChecks: false, moz:headless: false, moz:processID: 22216, moz:profile: C:\Users\veera\AppData\Loca..., moz:webdriverClick: false, pageLoadStrategy: normal, platform: XP, platformName: XP, platformVersion: 10.0, rotatable: false, timeouts: {implicit: 0, pageLoad: 300000, script: 30000}}Session ID: a07c38ae-6f52-44cb-80f4-248a4e901580at org.openqa.selenium.remote.http.W3CHttpResponseCodec.createException(W3CHttpResponseCodec.java:187)at org.openqa.selenium.remote.http.W3CHttpResponseCodec.decode(W3CHttpResponseCodec.java:122)at org.openqa.selenium.remote.http.W3CHttpResponseCodec.decode(W3CHttpResponseCodec.java:49)at org.openqa.selenium.remote.HttpCommandExecutor.execute(HttpCommandExecutor.java:164)at org.openqa.selenium.remote.service.DriverCommandExecutor.execute(DriverCommandExecutor.java:83)at org.openqa.selenium.remote.RemoteWebDriver.execute(RemoteWebDriver.java:601)at org.openqa.selenium.remote.RemoteWebDriver.execute(RemoteWebDriver.java:658)at org.openqa.selenium.remote.RemoteWebDriver.quit(RemoteWebDriver.java:497)at com.vp.utils.BaseUtils.CloseBrowser(BaseUtils.java:193)... Removed 32 stack frames]]>
    </failure>
  </testcase> <!-- @AfterMethod CloseBrowser -->
  <testcase name="@BeforeMethod initBrowser" time="0.0" classname="com.vp.utils.BaseUtils">
    <skipped/>
  </testcase> <!-- @BeforeMethod initBrowser -->
  <testcase name="@AfterMethod CloseBrowser" time="0.0" classname="com.vp.utils.BaseUtils">
    <skipped/>
  </testcase> <!-- @AfterMethod CloseBrowser -->
  <testcase name="@BeforeMethod initBrowser" time="0.0" classname="com.vp.utils.BaseUtils">
    <skipped/>
  </testcase> <!-- @BeforeMethod initBrowser -->
  <testcase name="@AfterMethod CloseBrowser" time="0.0" classname="com.vp.utils.BaseUtils">
    <skipped/>
  </testcase> <!-- @AfterMethod CloseBrowser -->
  <testcase name="verifySearchBtnFunctionality" time="53.669" classname="com.vp.tests.HomePageTests"/>
  <testcase name="verifySearchResultspage" time="0.0" classname="com.vp.tests.SRPageTests">
    <failure type="org.testng.TestNGException" message="
Parameter &amp;apos;BookingType&amp;apos; is required by @Test on method verifySearchResultspage but has not been marked @Optional or defined
in C:\Veera-Backup\Villaplus\TestAutomation\RegressionTest.xml">
      <![CDATA[org.testng.TestNGException: Parameter 'BookingType' is required by @Test on method verifySearchResultspage but has not been marked @Optional or definedin C:\Veera-Backup\Villaplus\TestAutomation\RegressionTest.xml... Removed 24 stack frames]]>
    </failure>
  </testcase> <!-- verifySearchResultspage -->
  <testcase name="VerifyFlightspage" time="0.094" classname="com.vp.tests.FlightPageTests">
    <failure type="org.openqa.selenium.NoSuchWindowException" message="Unable to locate window
Build info: version: &amp;apos;3.8.1&amp;apos;, revision: &amp;apos;6e95a6684b&amp;apos;, time: &amp;apos;2017-12-01T19:05:14.666Z&amp;apos;
System info: host: &amp;apos;ASH-LPT-19&amp;apos;, ip: &amp;apos;10.0.10.72&amp;apos;, os.name: &amp;apos;Windows 10&amp;apos;, os.arch: &amp;apos;amd64&amp;apos;, os.version: &amp;apos;10.0&amp;apos;, java.version: &amp;apos;1.8.0_151&amp;apos;
Driver info: org.openqa.selenium.firefox.FirefoxDriver
Capabilities {acceptInsecureCerts: true, browserName: firefox, browserVersion: 57.0.2, javascriptEnabled: true, moz:accessibilityChecks: false, moz:headless: false, moz:processID: 22216, moz:profile: C:\Users\veera\AppData\Loca..., moz:webdriverClick: false, pageLoadStrategy: normal, platform: XP, platformName: XP, platformVersion: 10.0, rotatable: false, timeouts: {implicit: 0, pageLoad: 300000, script: 30000}}
Session ID: a07c38ae-6f52-44cb-80f4-248a4e901580">
      <![CDATA[org.openqa.selenium.NoSuchWindowException: Unable to locate windowBuild info: version: '3.8.1', revision: '6e95a6684b', time: '2017-12-01T19:05:14.666Z'System info: host: 'ASH-LPT-19', ip: '10.0.10.72', os.name: 'Windows 10', os.arch: 'amd64', os.version: '10.0', java.version: '1.8.0_151'Driver info: org.openqa.selenium.firefox.FirefoxDriverCapabilities {acceptInsecureCerts: true, browserName: firefox, browserVersion: 57.0.2, javascriptEnabled: true, moz:accessibilityChecks: false, moz:headless: false, moz:processID: 22216, moz:profile: C:\Users\veera\AppData\Loca..., moz:webdriverClick: false, pageLoadStrategy: normal, platform: XP, platformName: XP, platformVersion: 10.0, rotatable: false, timeouts: {implicit: 0, pageLoad: 300000, script: 30000}}Session ID: a07c38ae-6f52-44cb-80f4-248a4e901580at org.openqa.selenium.remote.http.W3CHttpResponseCodec.createException(W3CHttpResponseCodec.java:187)at org.openqa.selenium.remote.http.W3CHttpResponseCodec.decode(W3CHttpResponseCodec.java:122)at org.openqa.selenium.remote.http.W3CHttpResponseCodec.decode(W3CHttpResponseCodec.java:49)at org.openqa.selenium.remote.HttpCommandExecutor.execute(HttpCommandExecutor.java:164)at org.openqa.selenium.remote.service.DriverCommandExecutor.execute(DriverCommandExecutor.java:83)at org.openqa.selenium.remote.RemoteWebDriver.execute(RemoteWebDriver.java:601)at org.openqa.selenium.remote.RemoteWebDriver.execute(RemoteWebDriver.java:658)at org.openqa.selenium.remote.RemoteWebDriver.getTitle(RemoteWebDriver.java:329)at com.vp.objects.FlightsPageObjects.verifyFlightsPageOpened(FlightsPageObjects.java:31)at com.vp.tests.FlightPageTests.VerifyFlightspage(FlightPageTests.java:24)... Removed 29 stack frames]]>
    </failure>
  </testcase> <!-- VerifyFlightspage -->
  <testcase name="verifyContinuebtnFunctionality" time="0.0" classname="com.vp.tests.GroupDetailsPageTests">
    <skipped/>
  </testcase> <!-- verifyContinuebtnFunctionality -->
  <testcase name="VerifyExtrasPage" time="0.0" classname="com.vp.tests.ExtrasPageTests">
    <skipped/>
  </testcase> <!-- VerifyExtrasPage -->
</testsuite> <!-- RegressionTestsOnFirefox -->
