<?xml version="1.0" encoding="UTF-8"?>
<!-- Generated by org.testng.reporters.JUnitXMLReporter -->
<testsuite hostname="ASH-LPT-19" ignored="0" name="RegressionTests" tests="5" failures="1" timestamp="13 Mar 2018 09:56:26 GMT" time="453.417" errors="0">
  <testcase name="verifySearchBtnFunctionality" time="22.342" classname="com.vp.tests.HomePageTests"/>
  <testcase name="verifySearchResultspage" time="0.001" classname="com.vp.tests.SRPageTests"/>
  <testcase name="VerifyFlightspage" time="20.047" classname="com.vp.tests.FlightPageTests"/>
  <testcase name="verifyContinuebtnFunctionality" time="160.19" classname="com.vp.tests.GroupDetailsPageTests">
    <failure type="org.openqa.selenium.NoSuchElementException" message="Unable to locate element: #anchrPostCode
For documentation on this error, please visit: http://seleniumhq.org/exceptions/no_such_element.html
Build info: version: &amp;apos;3.8.1&amp;apos;, revision: &amp;apos;6e95a6684b&amp;apos;, time: &amp;apos;2017-12-01T19:05:14.666Z&amp;apos;
System info: host: &amp;apos;ASH-LPT-19&amp;apos;, ip: &amp;apos;10.0.10.72&amp;apos;, os.name: &amp;apos;Windows 10&amp;apos;, os.arch: &amp;apos;amd64&amp;apos;, os.version: &amp;apos;10.0&amp;apos;, java.version: &amp;apos;1.8.0_151&amp;apos;
Driver info: org.openqa.selenium.firefox.FirefoxDriver
Capabilities {acceptInsecureCerts: true, browserName: firefox, browserVersion: 57.0.2, javascriptEnabled: true, moz:accessibilityChecks: false, moz:headless: false, moz:processID: 7284, moz:profile: C:\Users\veera\AppData\Loca..., moz:webdriverClick: false, pageLoadStrategy: normal, platform: XP, platformName: XP, platformVersion: 10.0, rotatable: false, timeouts: {implicit: 0, pageLoad: 300000, script: 30000}}
Session ID: dfa3ef62-f160-401d-a7dc-d8874bebed31
*** Element info: {Using=id, value=anchrPostCode}">
      <![CDATA[org.openqa.selenium.NoSuchElementException: Unable to locate element: #anchrPostCodeFor documentation on this error, please visit: http://seleniumhq.org/exceptions/no_such_element.htmlBuild info: version: '3.8.1', revision: '6e95a6684b', time: '2017-12-01T19:05:14.666Z'System info: host: 'ASH-LPT-19', ip: '10.0.10.72', os.name: 'Windows 10', os.arch: 'amd64', os.version: '10.0', java.version: '1.8.0_151'Driver info: org.openqa.selenium.firefox.FirefoxDriverCapabilities {acceptInsecureCerts: true, browserName: firefox, browserVersion: 57.0.2, javascriptEnabled: true, moz:accessibilityChecks: false, moz:headless: false, moz:processID: 7284, moz:profile: C:\Users\veera\AppData\Loca..., moz:webdriverClick: false, pageLoadStrategy: normal, platform: XP, platformName: XP, platformVersion: 10.0, rotatable: false, timeouts: {implicit: 0, pageLoad: 300000, script: 30000}}Session ID: dfa3ef62-f160-401d-a7dc-d8874bebed31*** Element info: {Using=id, value=anchrPostCode}at org.openqa.selenium.remote.http.W3CHttpResponseCodec.createException(W3CHttpResponseCodec.java:187)at org.openqa.selenium.remote.http.W3CHttpResponseCodec.decode(W3CHttpResponseCodec.java:122)at org.openqa.selenium.remote.http.W3CHttpResponseCodec.decode(W3CHttpResponseCodec.java:49)at org.openqa.selenium.remote.HttpCommandExecutor.execute(HttpCommandExecutor.java:164)at org.openqa.selenium.remote.service.DriverCommandExecutor.execute(DriverCommandExecutor.java:83)at org.openqa.selenium.remote.RemoteWebDriver.execute(RemoteWebDriver.java:601)at org.openqa.selenium.remote.RemoteWebDriver.findElement(RemoteWebDriver.java:371)at org.openqa.selenium.remote.RemoteWebDriver.findElementById(RemoteWebDriver.java:417)at org.openqa.selenium.By$ById.findElement(By.java:218)at org.openqa.selenium.remote.RemoteWebDriver.findElement(RemoteWebDriver.java:363)at org.openqa.selenium.support.pagefactory.DefaultElementLocator.findElement(DefaultElementLocator.java:69)at org.openqa.selenium.support.pagefactory.internal.LocatingElementHandler.invoke(LocatingElementHandler.java:38)at com.sun.proxy.$Proxy10.click(Unknown Source)at com.vp.objects.GroupDetailPageObjects.ClickbtnLookUpAddresss(GroupDetailPageObjects.java:562)at com.vp.tests.GroupDetailsPageTests.verifyContinuebtnFunctionality(GroupDetailsPageTests.java:33)... Removed 29 stack frames]]>
    </failure>
  </testcase> <!-- verifyContinuebtnFunctionality -->
  <testcase name="VerifyExtrasPage" time="40.059" classname="com.vp.tests.ExtrasPageTests"/>
</testsuite> <!-- RegressionTests -->
