<!DOCTYPE html PUBLIC "-//W3C//DTD XHTML 1.1//EN" "http://www.w3.org/TR/xhtml11/DTD/xhtml11.dtd">
<html xmlns="http://www.w3.org/1999/xhtml">
<head>
<meta http-equiv="content-type" content="text/html; charset=UTF-8"/>
<title>TestNG Report</title>
<style type="text/css">table {margin-bottom:10px;border-collapse:collapse;empty-cells:show}th,td {border:1px solid #009;padding:.25em .5em}th {vertical-align:bottom}td {vertical-align:top}table a {font-weight:bold}.stripe td {background-color: #E6EBF9}.num {text-align:right}.passedodd td {background-color: #3F3}.passedeven td {background-color: #0A0}.skippedodd td {background-color: #DDD}.skippedeven td {background-color: #CCC}.failedodd td,.attn {background-color: #F33}.failedeven td,.stripe .attn {background-color: #D00}.stacktrace {white-space:pre;font-family:monospace}.totop {font-size:85%;text-align:center;border-bottom:2px solid #000}.invisible {display:none}</style>
</head>
<body>
<table>
<tr><th>Test</th><th># Passed</th><th># Skipped</th><th># Failed</th><th>Time (ms)</th><th>Included Groups</th><th>Excluded Groups</th></tr>
<tr><th colspan="7">TestAutomationSmokeTestSuite</th></tr>
<tr><td><a href="#t0">SmokeTests</a></td><td class="num">1</td><td class="num">0</td><td class="num attn">2</td><td class="num">665,636</td><td></td><td></td></tr>
</table>
<table id='summary'><thead><tr><th>Class</th><th>Method</th><th>Start</th><th>Time (ms)</th></tr></thead><tbody><tr><th colspan="4">TestAutomationSmokeTestSuite</th></tr></tbody><tbody id="t0"><tr><th colspan="4">SmokeTests &#8212; failed</th></tr><tr class="failedeven"><td rowspan="1">com.vp.tests.ConvertedBooking</td><td><a href="#m0">ConvertedBookingVerification</a></td><td rowspan="1">1521627176123</td><td rowspan="1">154255</td></tr><tr class="failedodd"><td rowspan="1">com.vp.tests.PackageBooking</td><td><a href="#m1">PackageBookingVerification</a></td><td rowspan="1">1521626894778</td><td rowspan="1">246560</td></tr><tr><th colspan="4">SmokeTests &#8212; passed</th></tr><tr class="passedeven"><td rowspan="1">com.vp.tests.VillaOnlyBooking</td><td><a href="#m2">VillaOnlyBookingVerification</a></td><td rowspan="1">1521626703883</td><td rowspan="1">156003</td></tr></tbody>
</table>
<h2>SmokeTests</h2><h3 id="m0">com.vp.tests.ConvertedBooking#ConvertedBookingVerification</h3><table class="result"><tr class="param"><th>Parameter #1</th><th>Parameter #2</th><th>Parameter #3</th><th>Parameter #4</th><th>Parameter #5</th><th>Parameter #6</th><th>Parameter #7</th><th>Parameter #8</th></tr><tr class="param stripe"><td>chrome</td><td>https://www.villaplus.com/</td><td>2</td><td>2</td><td>0</td><td>05-23-2020</td><td>testautomation@ash-software.com</td><td>Al3 5NP</td></tr><tr><th colspan="8">Messages</th></tr><tr><td colspan="8"><div class="messages">PASS : "Home Page" is Opened.<br/>PASS : Destinations Dropdown is Opened.<br/>PASS : "Puglia" Selected from Destinations Dropdown.<br/>PASS : Clicked Date Text box.<br/>PASS : Selected "April 2018" From Month dropdown.<br/>PASS : Selected "14" Date From Calender.<br/>PASS : Selected "28 nights" From Duration dropdown.<br/>PASS : Selected "2" Adults.<br/>PASS : Selected "2" Child.<br/>PASS : Selected "0" Infants.<br/>FAIL : Could Not Select "[[[[ChromeDriver: chrome on XP (8fe2f3dc8a7835dd87dcf3755c08f501)] -> id: ddAirports]] -> tag name: option]" From Airports dropdown.Index: 34, Size: 34<br/>PASS : Clicked "Search" Button from Search Tile.<br/>PASS : "Search Results" Page Opened.<br/>PASS : 1 Villas found in Search Results page.<br/>PASS : Clicked "Book Villa Only" Button.<br/>FAIL : Could Not click "Book Villa Only" Button.stale element reference: element is not attached to the page document
  (Session info: chrome=64.0.3282.186)
  (Driver info: chromedriver=2.34.522940 (1a76f96f66e3ca7b8e57d503b4dd3bccfba87af1),platform=Windows NT 10.0.15063 x86_64) (WARNING: The server did not provide any stacktrace information)
Command duration or timeout: 0 milliseconds
For documentation on this error, please visit: http://seleniumhq.org/exceptions/stale_element_reference.html
Build info: version: '3.8.1', revision: '6e95a6684b', time: '2017-12-01T19:05:14.666Z'
System info: host: 'ASH-LPT-19', ip: '10.0.10.72', os.name: 'Windows 10', os.arch: 'amd64', os.version: '10.0', java.version: '1.8.0_151'
Driver info: org.openqa.selenium.chrome.ChromeDriver
Capabilities {acceptSslCerts: true, applicationCacheEnabled: false, browserConnectionEnabled: false, browserName: chrome, chrome: {chromedriverVersion: 2.34.522940 (1a76f96f66e3ca..., userDataDir: C:\Users\veera\AppData\Loca...}, cssSelectorsEnabled: true, databaseEnabled: false, handlesAlerts: true, hasTouchScreen: false, javascriptEnabled: true, locationContextEnabled: true, mobileEmulationEnabled: false, nativeEvents: true, networkConnectionEnabled: false, pageLoadStrategy: normal, platform: XP, platformName: XP, rotatable: false, setWindowRect: true, takesHeapSnapshot: true, takesScreenshot: true, unexpectedAlertBehaviour: , unhandledPromptBehavior: , version: 64.0.3282.186, webStorageEnabled: true}
Session ID: 8fe2f3dc8a7835dd87dcf3755c08f501<br/>PASS : Add Flights button is clicked<br/>PASS : Airport is selected for Converted Booking.<br/>PASS : Selected Airport name is - Aberdeen<br/>PASS : Clicked on the Continue button from the Choose Departure AIrport popup<br/>PASS : Clicked "Continue" Button From "Flights" page.</div></td></tr><tr><th colspan="8">Exception</th></tr><tr><td colspan="8"><div class="stacktrace">org.openqa.selenium.NoSuchElementException: no such element: Unable to locate element: {&quot;method&quot;:&quot;link text&quot;,&quot;selector&quot;:&quot;Yes&quot;}
  (Session info: chrome=64.0.3282.186)
  (Driver info: chromedriver=2.34.522940 (1a76f96f66e3ca7b8e57d503b4dd3bccfba87af1),platform=Windows NT 10.0.15063 x86_64) (WARNING: The server did not provide any stacktrace information)
Command duration or timeout: 0 milliseconds
For documentation on this error, please visit: http://seleniumhq.org/exceptions/no_such_element.html
Build info: version: &apos;3.8.1&apos;, revision: &apos;6e95a6684b&apos;, time: &apos;2017-12-01T19:05:14.666Z&apos;
System info: host: &apos;ASH-LPT-19&apos;, ip: &apos;10.0.10.72&apos;, os.name: &apos;Windows 10&apos;, os.arch: &apos;amd64&apos;, os.version: &apos;10.0&apos;, java.version: &apos;1.8.0_151&apos;
Driver info: org.openqa.selenium.chrome.ChromeDriver
Capabilities {acceptSslCerts: true, applicationCacheEnabled: false, browserConnectionEnabled: false, browserName: chrome, chrome: {chromedriverVersion: 2.34.522940 (1a76f96f66e3ca..., userDataDir: C:\Users\veera\AppData\Loca...}, cssSelectorsEnabled: true, databaseEnabled: false, handlesAlerts: true, hasTouchScreen: false, javascriptEnabled: true, locationContextEnabled: true, mobileEmulationEnabled: false, nativeEvents: true, networkConnectionEnabled: false, pageLoadStrategy: normal, platform: XP, platformName: XP, rotatable: false, setWindowRect: true, takesHeapSnapshot: true, takesScreenshot: true, unexpectedAlertBehaviour: , unhandledPromptBehavior: , version: 64.0.3282.186, webStorageEnabled: true}
Session ID: 8fe2f3dc8a7835dd87dcf3755c08f501
*** Element info: {Using=link text, value=Yes}
	at org.openqa.selenium.remote.ErrorHandler.createThrowable(ErrorHandler.java:214)
	at org.openqa.selenium.remote.ErrorHandler.throwIfResponseFailed(ErrorHandler.java:166)
	at org.openqa.selenium.remote.http.JsonHttpResponseCodec.reconstructValue(JsonHttpResponseCodec.java:40)
	at org.openqa.selenium.remote.http.AbstractHttpResponseCodec.decode(AbstractHttpResponseCodec.java:80)
	at org.openqa.selenium.remote.http.AbstractHttpResponseCodec.decode(AbstractHttpResponseCodec.java:44)
	at org.openqa.selenium.remote.HttpCommandExecutor.execute(HttpCommandExecutor.java:164)
	at org.openqa.selenium.remote.service.DriverCommandExecutor.execute(DriverCommandExecutor.java:83)
	at org.openqa.selenium.remote.RemoteWebDriver.execute(RemoteWebDriver.java:601)
	at org.openqa.selenium.remote.RemoteWebDriver.findElement(RemoteWebDriver.java:371)
	at org.openqa.selenium.remote.RemoteWebDriver.findElementByLinkText(RemoteWebDriver.java:425)
	at org.openqa.selenium.By$ByLinkText.findElement(By.java:246)
	at org.openqa.selenium.remote.RemoteWebDriver.findElement(RemoteWebDriver.java:363)
	at org.openqa.selenium.support.pagefactory.DefaultElementLocator.findElement(DefaultElementLocator.java:69)
	at org.openqa.selenium.support.pagefactory.internal.LocatingElementHandler.invoke(LocatingElementHandler.java:38)
	at com.sun.proxy.$Proxy10.isEnabled(Unknown Source)
	at com.vp.objects.FlightsPageObjects.clickYesBtnCheckInBagsPopup(FlightsPageObjects.java:87)
	at com.vp.tests.FlightPageTests.VerifyFlightspage(FlightPageTests.java:59)
	at com.vp.tests.ConvertedBooking.ConvertedBookingVerification(ConvertedBooking.java:51)
... Removed 29 stack frames</div></td></tr></table><p class="totop"><a href="#summary">back to summary</a></p>
<h3 id="m1">com.vp.tests.PackageBooking#PackageBookingVerification</h3><table class="result"><tr class="param"><th>Parameter #1</th><th>Parameter #2</th><th>Parameter #3</th><th>Parameter #4</th><th>Parameter #5</th><th>Parameter #6</th><th>Parameter #7</th><th>Parameter #8</th></tr><tr class="param stripe"><td>chrome</td><td>https://www.villaplus.com/</td><td>2</td><td>2</td><td>0</td><td>05-23-2020</td><td>testautomation@ash-software.com</td><td>Al3 5NP</td></tr><tr><th colspan="8">Messages</th></tr><tr><td colspan="8"><div class="messages">PASS : "Home Page" is Opened.<br/>PASS : Destinations Dropdown is Opened.<br/>PASS : "Rhodes" Selected from Destinations Dropdown.<br/>PASS : Clicked Date Text box.<br/>PASS : Selected "April 2018" From Month dropdown.<br/>PASS : Selected "28" Date From Calender.<br/>PASS : Selected "14 nights" From Duration dropdown.<br/>PASS : Selected "2" Adults.<br/>PASS : Selected "2" Child.<br/>PASS : Selected "0" Infants.<br/>FAIL : Could Not Select "[[[[ChromeDriver: chrome on XP (36c214fd94484f7a773efe5945a8e591)] -> id: ddAirports]] -> tag name: option]" From Airports dropdown.Index: 34, Size: 34<br/>PASS : Clicked "Search" Button from Search Tile.<br/>PASS : "Search Results" Page Opened.<br/>PASS : 0 Villas found in Search Results page.<br/>PASS : Destinations Dropdown is Opened.<br/>PASS : "Croatia" Selected from Destinations Dropdown.<br/>PASS : Clicked Date Text box.<br/>PASS : Selected "July 2018" From Month dropdown.<br/>PASS : Selected "7" Date From Calender.<br/>PASS : Selected "21 nights" From Duration dropdown.<br/>PASS : Selected "2" Adults.<br/>PASS : Selected "2" Child.<br/>PASS : Selected "0" Infants.<br/>FAIL : Could Not Select "[[[[ChromeDriver: chrome on XP (36c214fd94484f7a773efe5945a8e591)] -> id: ddAirports]] -> tag name: option]" From Airports dropdown.Index: 34, Size: 34<br/>PASS : Clicked "Search" Button from Search Tile.<br/>PASS : "Search Results" Page Opened.<br/>PASS : 3 Villas found in Search Results page.<br/>PASS : Clicked "Book Villa & Flights" Button.<br/>PASS : Edit Flight Button is clicked<br/>Title of the Edit Flight popup is matched - Edit Flight Details<br/>PASS : Selected Airport Name is London Southend<br/>PASS : Sort Option is selected<br/>PASS : Performed Slider Movement on the Right<br/>PASS : Performed Slider Movement on the Left<br/>PASS : Flight Payment Checkbox is selected<br/>PASS : UK Departure Airport Checkbox is selected<br/>PASS : UK Arrival Airport Checkbox is selected<br/>PASS : Airline Checkbox is selected<br/>PASS : Click on the Clear All Button<br/>PASS : Another Flight is selected<br/>PASS : Clicked on the Continue Button<br/>PASS : Click on the Add More Flights button.<br/>PASS : Title of the Add More Flights is matched - Add More Flights<br/>PASS : Able to add more flights<br/>PASS : Click on the Continue button from Add More Flights popup<br/>FAIL : Could Not Click "Continue" Button From "Flights" page.unknown error: Element <a href="#" class="btn bg-greenfade float-right" id="btn...Flights" style="border: solid 2px white">Continue</a> is not clickable at point (691, 59). Other element would receive the click: <div id="disabler" class="Whiteopacity" style="height: 3296px; display: block; z-index: 10000;"></div>
  (Session info: chrome=64.0.3282.186)
  (Driver info: chromedriver=2.34.522940 (1a76f96f66e3ca7b8e57d503b4dd3bccfba87af1),platform=Windows NT 10.0.15063 x86_64) (WARNING: The server did not provide any stacktrace information)
Command duration or timeout: 0 milliseconds
Build info: version: '3.8.1', revision: '6e95a6684b', time: '2017-12-01T19:05:14.666Z'
System info: host: 'ASH-LPT-19', ip: '10.0.10.72', os.name: 'Windows 10', os.arch: 'amd64', os.version: '10.0', java.version: '1.8.0_151'
Driver info: org.openqa.selenium.chrome.ChromeDriver
Capabilities {acceptSslCerts: true, applicationCacheEnabled: false, browserConnectionEnabled: false, browserName: chrome, chrome: {chromedriverVersion: 2.34.522940 (1a76f96f66e3ca..., userDataDir: C:\Users\veera\AppData\Loca...}, cssSelectorsEnabled: true, databaseEnabled: false, handlesAlerts: true, hasTouchScreen: false, javascriptEnabled: true, locationContextEnabled: true, mobileEmulationEnabled: false, nativeEvents: true, networkConnectionEnabled: false, pageLoadStrategy: normal, platform: XP, platformName: XP, rotatable: false, setWindowRect: true, takesHeapSnapshot: true, takesScreenshot: true, unexpectedAlertBehaviour: , unhandledPromptBehavior: , version: 64.0.3282.186, webStorageEnabled: true}
Session ID: 36c214fd94484f7a773efe5945a8e591</div></td></tr><tr><th colspan="8">Exception</th></tr><tr><td colspan="8"><div class="stacktrace">org.openqa.selenium.NoSuchElementException: no such element: Unable to locate element: {&quot;method&quot;:&quot;link text&quot;,&quot;selector&quot;:&quot;Yes&quot;}
  (Session info: chrome=64.0.3282.186)
  (Driver info: chromedriver=2.34.522940 (1a76f96f66e3ca7b8e57d503b4dd3bccfba87af1),platform=Windows NT 10.0.15063 x86_64) (WARNING: The server did not provide any stacktrace information)
Command duration or timeout: 0 milliseconds
For documentation on this error, please visit: http://seleniumhq.org/exceptions/no_such_element.html
Build info: version: &apos;3.8.1&apos;, revision: &apos;6e95a6684b&apos;, time: &apos;2017-12-01T19:05:14.666Z&apos;
System info: host: &apos;ASH-LPT-19&apos;, ip: &apos;10.0.10.72&apos;, os.name: &apos;Windows 10&apos;, os.arch: &apos;amd64&apos;, os.version: &apos;10.0&apos;, java.version: &apos;1.8.0_151&apos;
Driver info: org.openqa.selenium.chrome.ChromeDriver
Capabilities {acceptSslCerts: true, applicationCacheEnabled: false, browserConnectionEnabled: false, browserName: chrome, chrome: {chromedriverVersion: 2.34.522940 (1a76f96f66e3ca..., userDataDir: C:\Users\veera\AppData\Loca...}, cssSelectorsEnabled: true, databaseEnabled: false, handlesAlerts: true, hasTouchScreen: false, javascriptEnabled: true, locationContextEnabled: true, mobileEmulationEnabled: false, nativeEvents: true, networkConnectionEnabled: false, pageLoadStrategy: normal, platform: XP, platformName: XP, rotatable: false, setWindowRect: true, takesHeapSnapshot: true, takesScreenshot: true, unexpectedAlertBehaviour: , unhandledPromptBehavior: , version: 64.0.3282.186, webStorageEnabled: true}
Session ID: 36c214fd94484f7a773efe5945a8e591
*** Element info: {Using=link text, value=Yes}
	at org.openqa.selenium.remote.ErrorHandler.createThrowable(ErrorHandler.java:214)
	at org.openqa.selenium.remote.ErrorHandler.throwIfResponseFailed(ErrorHandler.java:166)
	at org.openqa.selenium.remote.http.JsonHttpResponseCodec.reconstructValue(JsonHttpResponseCodec.java:40)
	at org.openqa.selenium.remote.http.AbstractHttpResponseCodec.decode(AbstractHttpResponseCodec.java:80)
	at org.openqa.selenium.remote.http.AbstractHttpResponseCodec.decode(AbstractHttpResponseCodec.java:44)
	at org.openqa.selenium.remote.HttpCommandExecutor.execute(HttpCommandExecutor.java:164)
	at org.openqa.selenium.remote.service.DriverCommandExecutor.execute(DriverCommandExecutor.java:83)
	at org.openqa.selenium.remote.RemoteWebDriver.execute(RemoteWebDriver.java:601)
	at org.openqa.selenium.remote.RemoteWebDriver.findElement(RemoteWebDriver.java:371)
	at org.openqa.selenium.remote.RemoteWebDriver.findElementByLinkText(RemoteWebDriver.java:425)
	at org.openqa.selenium.By$ByLinkText.findElement(By.java:246)
	at org.openqa.selenium.remote.RemoteWebDriver.findElement(RemoteWebDriver.java:363)
	at org.openqa.selenium.support.pagefactory.DefaultElementLocator.findElement(DefaultElementLocator.java:69)
	at org.openqa.selenium.support.pagefactory.internal.LocatingElementHandler.invoke(LocatingElementHandler.java:38)
	at com.sun.proxy.$Proxy10.isEnabled(Unknown Source)
	at com.vp.objects.FlightsPageObjects.clickYesBtnCheckInBagsPopup(FlightsPageObjects.java:87)
	at com.vp.tests.FlightPageTests.VerifyFlightspage(FlightPageTests.java:47)
	at com.vp.tests.PackageBooking.PackageBookingVerification(PackageBooking.java:51)
... Removed 29 stack frames</div></td></tr></table><p class="totop"><a href="#summary">back to summary</a></p>
<h3 id="m2">com.vp.tests.VillaOnlyBooking#VillaOnlyBookingVerification</h3><table class="result"><tr class="param"><th>Parameter #1</th><th>Parameter #2</th><th>Parameter #3</th><th>Parameter #4</th><th>Parameter #5</th><th>Parameter #6</th><th>Parameter #7</th><th>Parameter #8</th></tr><tr class="param stripe"><td>chrome</td><td>https://www.villaplus.com/</td><td>2</td><td>2</td><td>0</td><td>05-23-2020</td><td>testautomation@ash-software.com</td><td>Al3 5NP</td></tr><tr><th colspan="8">Messages</th></tr><tr><td colspan="8"><div class="messages">PASS : "Home Page" is Opened.<br/>PASS : Destinations Dropdown is Opened.<br/>PASS : "Crete" Selected from Destinations Dropdown.<br/>PASS : Clicked Date Text box.<br/>PASS : Selected "May 2018" From Month dropdown.<br/>PASS : Selected "25" Date From Calender.<br/>PASS : Selected "21 nights" From Duration dropdown.<br/>PASS : Selected "2" Adults.<br/>PASS : Selected "2" Child.<br/>PASS : Selected "0" Infants.<br/>FAIL : Could Not Select "[[[[ChromeDriver: chrome on XP (2084e6438b4ebc0fc79c252118a9d9c7)] -> id: ddAirports]] -> tag name: option]" From Airports dropdown.Index: 34, Size: 34<br/>PASS : Clicked "Search" Button from Search Tile.<br/>PASS : "Search Results" Page Opened.<br/>PASS : 0 Villas found in Search Results page.<br/>PASS : Destinations Dropdown is Opened.<br/>PASS : "Cyprus" Selected from Destinations Dropdown.<br/>PASS : Clicked Date Text box.<br/>PASS : Selected "October 2018" From Month dropdown.<br/>PASS : Selected "14" Date From Calender.<br/>PASS : Selected "14 nights" From Duration dropdown.<br/>PASS : Selected "2" Adults.<br/>PASS : Selected "2" Child.<br/>PASS : Selected "0" Infants.<br/>FAIL : Could Not Select "[[[[ChromeDriver: chrome on XP (2084e6438b4ebc0fc79c252118a9d9c7)] -> id: ddAirports]] -> tag name: option]" From Airports dropdown.Index: 34, Size: 34<br/>PASS : Clicked "Search" Button from Search Tile.<br/>PASS : "Search Results" Page Opened.<br/>PASS : 14 Villas found in Search Results page.<br/>PASS : Clicked "Book Villa Only" Button.<br/>FAIL : Could Not click "Book Villa Only" Button.stale element reference: element is not attached to the page document
  (Session info: chrome=64.0.3282.186)
  (Driver info: chromedriver=2.34.522940 (1a76f96f66e3ca7b8e57d503b4dd3bccfba87af1),platform=Windows NT 10.0.15063 x86_64) (WARNING: The server did not provide any stacktrace information)
Command duration or timeout: 0 milliseconds
For documentation on this error, please visit: http://seleniumhq.org/exceptions/stale_element_reference.html
Build info: version: '3.8.1', revision: '6e95a6684b', time: '2017-12-01T19:05:14.666Z'
System info: host: 'ASH-LPT-19', ip: '10.0.10.72', os.name: 'Windows 10', os.arch: 'amd64', os.version: '10.0', java.version: '1.8.0_151'
Driver info: org.openqa.selenium.chrome.ChromeDriver
Capabilities {acceptSslCerts: true, applicationCacheEnabled: false, browserConnectionEnabled: false, browserName: chrome, chrome: {chromedriverVersion: 2.34.522940 (1a76f96f66e3ca..., userDataDir: C:\Users\veera\AppData\Loca...}, cssSelectorsEnabled: true, databaseEnabled: false, handlesAlerts: true, hasTouchScreen: false, javascriptEnabled: true, locationContextEnabled: true, mobileEmulationEnabled: false, nativeEvents: true, networkConnectionEnabled: false, pageLoadStrategy: normal, platform: XP, platformName: XP, rotatable: false, setWindowRect: true, takesHeapSnapshot: true, takesScreenshot: true, unexpectedAlertBehaviour: , unhandledPromptBehavior: , version: 64.0.3282.186, webStorageEnabled: true}
Session ID: 2084e6438b4ebc0fc79c252118a9d9c7<br/>PASS : Clicked "Continue" Button From "Flights" page.<br/>FAIL : "Group Detail" Page Title is Villa Plus | Group Details<br/>PASS : \ Title is Clickable<br/>PASS : \ Title is Clickable<br/>PASS : \ Title is Clickable<br/>PASS : \ Title is Clickable<br/>PASS : \ Title of all pax is Selected<br/>PASS : Entered First Names for All Pax.<br/>PASS : Entered Land Names for All Pax.<br/>PASS : Adding EmailId <br/>PASS : Adding Confirm EmailId <br/>PASS : Adding post code <br/>PASS : Suceessfully Click on button "Look Up Address"<br/>FAIL :\ Address is not selected form Address Look Up pop-up bound must be positive<br/>FAIL : Could not selected Age group for all Pax unknown error: Element <select id="GroupDetailsData_2__AgeGroup" name="GroupDetailsData[2].AgeGroup" onchange="SetInsuranceValuesForInfant(this)">...</select> is not clickable at point (317, 744). Other element would receive the click: <input data-errorcontainer="errMsgTown" data-errboxarrwconfig="ChangedboxArrowConfig" data-errboxconfig="ChangedboxPositionConfig" data-val="true" data-val-required="Please enter Town/City." data-val-valgroup="" data-val-valgroup-name="FNameGroup" id="txtTown" maxlength="30" name="GroupDetailsData[0].leadpaxmodel.AddressModel.UKAddress.Town" type="text" value="">
  (Session info: chrome=64.0.3282.186)
  (Driver info: chromedriver=2.34.522940 (1a76f96f66e3ca7b8e57d503b4dd3bccfba87af1),platform=Windows NT 10.0.15063 x86_64) (WARNING: The server did not provide any stacktrace information)
Command duration or timeout: 0 milliseconds
Build info: version: '3.8.1', revision: '6e95a6684b', time: '2017-12-01T19:05:14.666Z'
System info: host: 'ASH-LPT-19', ip: '10.0.10.72', os.name: 'Windows 10', os.arch: 'amd64', os.version: '10.0', java.version: '1.8.0_151'
Driver info: org.openqa.selenium.chrome.ChromeDriver
Capabilities {acceptSslCerts: true, applicationCacheEnabled: false, browserConnectionEnabled: false, browserName: chrome, chrome: {chromedriverVersion: 2.34.522940 (1a76f96f66e3ca..., userDataDir: C:\Users\veera\AppData\Loca...}, cssSelectorsEnabled: true, databaseEnabled: false, handlesAlerts: true, hasTouchScreen: false, javascriptEnabled: true, locationContextEnabled: true, mobileEmulationEnabled: false, nativeEvents: true, networkConnectionEnabled: false, pageLoadStrategy: normal, platform: XP, platformName: XP, rotatable: false, setWindowRect: true, takesHeapSnapshot: true, takesScreenshot: true, unexpectedAlertBehaviour: , unhandledPromptBehavior: , version: 64.0.3282.186, webStorageEnabled: true}
Session ID: 2084e6438b4ebc0fc79c252118a9d9c7<br/>PASS : Adding a Day Phone no Code <br/>PASS : Adding a Day Phone Number<br/>PASS : Adding Mobile Number<br/>PASS : Suceessfully Click on button "Continue"<br/>PASS : Click on I Agree Button from Insurance pop-up<br/>FAIL : "Extras" Page Title is Villa Plus | Group Details<br/>PASS : Clicked "Continue" Button From "Extras" page.<br/>FAIL : Could Not Click "I Agree" Button From "Extras" page.no such element: Unable to locate element: {"method":"link text","selector":"I Agree"}
  (Session info: chrome=64.0.3282.186)
  (Driver info: chromedriver=2.34.522940 (1a76f96f66e3ca7b8e57d503b4dd3bccfba87af1),platform=Windows NT 10.0.15063 x86_64) (WARNING: The server did not provide any stacktrace information)
Command duration or timeout: 0 milliseconds
For documentation on this error, please visit: http://seleniumhq.org/exceptions/no_such_element.html
Build info: version: '3.8.1', revision: '6e95a6684b', time: '2017-12-01T19:05:14.666Z'
System info: host: 'ASH-LPT-19', ip: '10.0.10.72', os.name: 'Windows 10', os.arch: 'amd64', os.version: '10.0', java.version: '1.8.0_151'
Driver info: org.openqa.selenium.chrome.ChromeDriver
Capabilities {acceptSslCerts: true, applicationCacheEnabled: false, browserConnectionEnabled: false, browserName: chrome, chrome: {chromedriverVersion: 2.34.522940 (1a76f96f66e3ca..., userDataDir: C:\Users\veera\AppData\Loca...}, cssSelectorsEnabled: true, databaseEnabled: false, handlesAlerts: true, hasTouchScreen: false, javascriptEnabled: true, locationContextEnabled: true, mobileEmulationEnabled: false, nativeEvents: true, networkConnectionEnabled: false, pageLoadStrategy: normal, platform: XP, platformName: XP, rotatable: false, setWindowRect: true, takesHeapSnapshot: true, takesScreenshot: true, unexpectedAlertBehaviour: , unhandledPromptBehavior: , version: 64.0.3282.186, webStorageEnabled: true}
Session ID: 2084e6438b4ebc0fc79c252118a9d9c7
*** Element info: {Using=link text, value=I Agree}<br/>PASS : Clicked "Later" Button From "Flight Info" Popup.</div></td></tr></table><p class="totop"><a href="#summary">back to summary</a></p>
</body>
</html>
