<!DOCTYPE html>

<html>
  <head>
  <meta charset='utf-8'>
  <title>TestNG reports</title>

    <link type="text/css" href="testng-reports.css" rel="stylesheet" />
    <script type="text/javascript" src="jquery-1.7.1.min.js"></script>
    <script type="text/javascript" src="testng-reports.js"></script>
    <script type="text/javascript" src="https://www.google.com/jsapi"></script>
    <script type='text/javascript'>
      google.load('visualization', '1', {packages:['table']});
      google.setOnLoadCallback(drawTable);
      var suiteTableInitFunctions = new Array();
      var suiteTableData = new Array();
    </script>
    <!--
      <script type="text/javascript" src="jquery-ui/js/jquery-ui-1.8.16.custom.min.js"></script>
     -->
  </head>

  <body>
    <div class="top-banner-root">
      <span class="top-banner-title-font">Test results</span>
      <br/>
      <span class="top-banner-font-1">1 suite, 2 failed tests</span>
    </div> <!-- top-banner-root -->
    <div class="navigator-root">
      <div class="navigator-suite-header">
        <span>All suites</span>
        <a href="#" class="collapse-all-link" title="Collapse/expand all the suites">
          <img class="collapse-all-icon" src="collapseall.gif">
          </img> <!-- collapse-all-icon -->
        </a> <!-- collapse-all-link -->
      </div> <!-- navigator-suite-header -->
      <div class="suite">
        <div class="rounded-window">
          <div class="suite-header light-rounded-window-top">
            <a href="#" class="navigator-link" panel-name="suite-TestAutomationSmokeTestSuite">
              <span class="suite-name border-failed">TestAutomationSmokeTestSuite</span>
            </a> <!-- navigator-link -->
          </div> <!-- suite-header light-rounded-window-top -->
          <div class="navigator-suite-content">
            <div class="suite-section-title">
              <span>Info</span>
            </div> <!-- suite-section-title -->
            <div class="suite-section-content">
              <ul>
                <li>
                  <a href="#" class="navigator-link " panel-name="test-xml-TestAutomationSmokeTestSuite">
                    <span>C:\Veera-Backup\Villaplus\TestAutomation\SmokeTest.xml</span>
                  </a> <!-- navigator-link  -->
                </li>
                <li>
                  <a href="#" class="navigator-link " panel-name="testlist-TestAutomationSmokeTestSuite">
                    <span class="test-stats">1 test</span>
                  </a> <!-- navigator-link  -->
                </li>
                <li>
                  <a href="#" class="navigator-link " panel-name="group-TestAutomationSmokeTestSuite">
                    <span>0 groups</span>
                  </a> <!-- navigator-link  -->
                </li>
                <li>
                  <a href="#" class="navigator-link " panel-name="times-TestAutomationSmokeTestSuite">
                    <span>Times</span>
                  </a> <!-- navigator-link  -->
                </li>
                <li>
                  <a href="#" class="navigator-link " panel-name="reporter-TestAutomationSmokeTestSuite">
                    <span>Reporter output</span>
                  </a> <!-- navigator-link  -->
                </li>
                <li>
                  <a href="#" class="navigator-link " panel-name="ignored-methods-TestAutomationSmokeTestSuite">
                    <span>Ignored methods</span>
                  </a> <!-- navigator-link  -->
                </li>
                <li>
                  <a href="#" class="navigator-link " panel-name="chronological-TestAutomationSmokeTestSuite">
                    <span>Chronological view</span>
                  </a> <!-- navigator-link  -->
                </li>
              </ul>
            </div> <!-- suite-section-content -->
            <div class="result-section">
              <div class="suite-section-title">
                <span>Results</span>
              </div> <!-- suite-section-title -->
              <div class="suite-section-content">
                <ul>
                  <li>
                    <span class="method-stats">3 methods, 2 failed,   1 passed</span>
                  </li>
                  <li>
                    <span class="method-list-title failed">Failed methods</span>
                    <span class="show-or-hide-methods failed">
                      <a href="#" panel-name="suite-TestAutomationSmokeTestSuite" class="hide-methods failed suite-TestAutomationSmokeTestSuite"> (hide)</a> <!-- hide-methods failed suite-TestAutomationSmokeTestSuite -->
                      <a href="#" panel-name="suite-TestAutomationSmokeTestSuite" class="show-methods failed suite-TestAutomationSmokeTestSuite"> (show)</a> <!-- show-methods failed suite-TestAutomationSmokeTestSuite -->
                    </span>
                    <div class="method-list-content failed suite-TestAutomationSmokeTestSuite">
                      <span>
                        <img width="3%" src="failed.png"/>
                        <a href="#" class="method navigator-link" panel-name="suite-TestAutomationSmokeTestSuite" title="com.vp.tests.ConvertedBooking" hash-for-method="ConvertedBookingVerification(chrome, https://www.villaplus.com/, 2, 2, 0, 05-23-2020, testautomation@ash-software.com, Al3 5NP)">ConvertedBookingVerification(chrome, https://www.villaplus.com/, 2, 2, 0, 05-23-2020, testautomation@ash-software.com, Al3 5NP)</a> <!-- method navigator-link -->
                      </span>
                      <br/>
                      <span>
                        <img width="3%" src="failed.png"/>
                        <a href="#" class="method navigator-link" panel-name="suite-TestAutomationSmokeTestSuite" title="com.vp.tests.PackageBooking" hash-for-method="PackageBookingVerification(chrome, https://www.villaplus.com/, 2, 2, 0, 05-23-2020, testautomation@ash-software.com, Al3 5NP)">PackageBookingVerification(chrome, https://www.villaplus.com/, 2, 2, 0, 05-23-2020, testautomation@ash-software.com, Al3 5NP)</a> <!-- method navigator-link -->
                      </span>
                      <br/>
                    </div> <!-- method-list-content failed suite-TestAutomationSmokeTestSuite -->
                  </li>
                  <li>
                    <span class="method-list-title passed">Passed methods</span>
                    <span class="show-or-hide-methods passed">
                      <a href="#" panel-name="suite-TestAutomationSmokeTestSuite" class="hide-methods passed suite-TestAutomationSmokeTestSuite"> (hide)</a> <!-- hide-methods passed suite-TestAutomationSmokeTestSuite -->
                      <a href="#" panel-name="suite-TestAutomationSmokeTestSuite" class="show-methods passed suite-TestAutomationSmokeTestSuite"> (show)</a> <!-- show-methods passed suite-TestAutomationSmokeTestSuite -->
                    </span>
                    <div class="method-list-content passed suite-TestAutomationSmokeTestSuite">
                      <span>
                        <img width="3%" src="passed.png"/>
                        <a href="#" class="method navigator-link" panel-name="suite-TestAutomationSmokeTestSuite" title="com.vp.tests.VillaOnlyBooking" hash-for-method="VillaOnlyBookingVerification(chrome, https://www.villaplus.com/, 2, 2, 0, 05-23-2020, testautomation@ash-software.com, Al3 5NP)">VillaOnlyBookingVerification(chrome, https://www.villaplus.com/, 2, 2, 0, 05-23-2020, testautomation@ash-software.com, Al3 5NP)</a> <!-- method navigator-link -->
                      </span>
                      <br/>
                    </div> <!-- method-list-content passed suite-TestAutomationSmokeTestSuite -->
                  </li>
                </ul>
              </div> <!-- suite-section-content -->
            </div> <!-- result-section -->
          </div> <!-- navigator-suite-content -->
        </div> <!-- rounded-window -->
      </div> <!-- suite -->
    </div> <!-- navigator-root -->
    <div class="wrapper">
      <div class="main-panel-root">
        <div panel-name="suite-TestAutomationSmokeTestSuite" class="panel TestAutomationSmokeTestSuite">
          <div class="suite-TestAutomationSmokeTestSuite-class-failed">
            <div class="main-panel-header rounded-window-top">
              <img src="failed.png"/>
              <span class="class-name">com.vp.tests.PackageBooking</span>
            </div> <!-- main-panel-header rounded-window-top -->
            <div class="main-panel-content rounded-window-bottom">
              <div class="method">
                <div class="method-content">
                  <a name="PackageBookingVerification(chrome, https://www.villaplus.com/, 2, 2, 0, 05-23-2020, testautomation@ash-software.com, Al3 5NP)">
                  </a> <!-- PackageBookingVerification(chrome, https://www.villaplus.com/, 2, 2, 0, 05-23-2020, testautomation@ash-software.com, Al3 5NP) -->
                  <span class="method-name">PackageBookingVerification</span>
                  <span class="parameters">(chrome, https://www.villaplus.com/, 2, 2, 0, 05-23-2020, testautomation@ash-software.com, Al3 5NP)</span>
                  <div class="stack-trace">org.openqa.selenium.NoSuchElementException: no such element: Unable to locate element: {&quot;method&quot;:&quot;link text&quot;,&quot;selector&quot;:&quot;Yes&quot;}
  (Session info: chrome=64.0.3282.186)
  (Driver info: chromedriver=2.34.522940 (1a76f96f66e3ca7b8e57d503b4dd3bccfba87af1),platform=Windows NT 10.0.15063 x86_64) (WARNING: The server did not provide any stacktrace information)
Command duration or timeout: 0 milliseconds
For documentation on this error, please visit: http://seleniumhq.org/exceptions/no_such_element.html
Build info: version: &apos;3.8.1&apos;, revision: &apos;6e95a6684b&apos;, time: &apos;2017-12-01T19:05:14.666Z&apos;
System info: host: &apos;ASH-LPT-19&apos;, ip: &apos;10.0.10.72&apos;, os.name: &apos;Windows 10&apos;, os.arch: &apos;amd64&apos;, os.version: &apos;10.0&apos;, java.version: &apos;1.8.0_151&apos;
Driver info: org.openqa.selenium.chrome.ChromeDriver
Capabilities {acceptSslCerts: true, applicationCacheEnabled: false, browserConnectionEnabled: false, browserName: chrome, chrome: {chromedriverVersion: 2.34.522940 (1a76f96f66e3ca..., userDataDir: C:\Users\veera\AppData\Loca...}, cssSelectorsEnabled: true, databaseEnabled: false, handlesAlerts: true, hasTouchScreen: false, javascriptEnabled: true, locationContextEnabled: true, mobileEmulationEnabled: false, nativeEvents: true, networkConnectionEnabled: false, pageLoadStrategy: normal, platform: XP, platformName: XP, rotatable: false, setWindowRect: true, takesHeapSnapshot: true, takesScreenshot: true, unexpectedAlertBehaviour: , unhandledPromptBehavior: , version: 64.0.3282.186, webStorageEnabled: true}
Session ID: 36c214fd94484f7a773efe5945a8e591
*** Element info: {Using=link text, value=Yes}
	at org.openqa.selenium.remote.ErrorHandler.createThrowable(ErrorHandler.java:214)
	at org.openqa.selenium.remote.ErrorHandler.throwIfResponseFailed(ErrorHandler.java:166)
	at org.openqa.selenium.remote.http.JsonHttpResponseCodec.reconstructValue(JsonHttpResponseCodec.java:40)
	at org.openqa.selenium.remote.http.AbstractHttpResponseCodec.decode(AbstractHttpResponseCodec.java:80)
	at org.openqa.selenium.remote.http.AbstractHttpResponseCodec.decode(AbstractHttpResponseCodec.java:44)
	at org.openqa.selenium.remote.HttpCommandExecutor.execute(HttpCommandExecutor.java:164)
	at org.openqa.selenium.remote.service.DriverCommandExecutor.execute(DriverCommandExecutor.java:83)
	at org.openqa.selenium.remote.RemoteWebDriver.execute(RemoteWebDriver.java:601)
	at org.openqa.selenium.remote.RemoteWebDriver.findElement(RemoteWebDriver.java:371)
	at org.openqa.selenium.remote.RemoteWebDriver.findElementByLinkText(RemoteWebDriver.java:425)
	at org.openqa.selenium.By$ByLinkText.findElement(By.java:246)
	at org.openqa.selenium.remote.RemoteWebDriver.findElement(RemoteWebDriver.java:363)
	at org.openqa.selenium.support.pagefactory.DefaultElementLocator.findElement(DefaultElementLocator.java:69)
	at org.openqa.selenium.support.pagefactory.internal.LocatingElementHandler.invoke(LocatingElementHandler.java:38)
	at com.sun.proxy.$Proxy10.isEnabled(Unknown Source)
	at com.vp.objects.FlightsPageObjects.clickYesBtnCheckInBagsPopup(FlightsPageObjects.java:87)
	at com.vp.tests.FlightPageTests.VerifyFlightspage(FlightPageTests.java:47)
	at com.vp.tests.PackageBooking.PackageBookingVerification(PackageBooking.java:51)
... Removed 29 stack frames
</div> <!-- stack-trace -->
                </div> <!-- method-content -->
              </div> <!-- method -->
            </div> <!-- main-panel-content rounded-window-bottom -->
          </div> <!-- suite-TestAutomationSmokeTestSuite-class-failed -->
          <div class="suite-TestAutomationSmokeTestSuite-class-failed">
            <div class="main-panel-header rounded-window-top">
              <img src="failed.png"/>
              <span class="class-name">com.vp.tests.ConvertedBooking</span>
            </div> <!-- main-panel-header rounded-window-top -->
            <div class="main-panel-content rounded-window-bottom">
              <div class="method">
                <div class="method-content">
                  <a name="ConvertedBookingVerification(chrome, https://www.villaplus.com/, 2, 2, 0, 05-23-2020, testautomation@ash-software.com, Al3 5NP)">
                  </a> <!-- ConvertedBookingVerification(chrome, https://www.villaplus.com/, 2, 2, 0, 05-23-2020, testautomation@ash-software.com, Al3 5NP) -->
                  <span class="method-name">ConvertedBookingVerification</span>
                  <span class="parameters">(chrome, https://www.villaplus.com/, 2, 2, 0, 05-23-2020, testautomation@ash-software.com, Al3 5NP)</span>
                  <div class="stack-trace">org.openqa.selenium.NoSuchElementException: no such element: Unable to locate element: {&quot;method&quot;:&quot;link text&quot;,&quot;selector&quot;:&quot;Yes&quot;}
  (Session info: chrome=64.0.3282.186)
  (Driver info: chromedriver=2.34.522940 (1a76f96f66e3ca7b8e57d503b4dd3bccfba87af1),platform=Windows NT 10.0.15063 x86_64) (WARNING: The server did not provide any stacktrace information)
Command duration or timeout: 0 milliseconds
For documentation on this error, please visit: http://seleniumhq.org/exceptions/no_such_element.html
Build info: version: &apos;3.8.1&apos;, revision: &apos;6e95a6684b&apos;, time: &apos;2017-12-01T19:05:14.666Z&apos;
System info: host: &apos;ASH-LPT-19&apos;, ip: &apos;10.0.10.72&apos;, os.name: &apos;Windows 10&apos;, os.arch: &apos;amd64&apos;, os.version: &apos;10.0&apos;, java.version: &apos;1.8.0_151&apos;
Driver info: org.openqa.selenium.chrome.ChromeDriver
Capabilities {acceptSslCerts: true, applicationCacheEnabled: false, browserConnectionEnabled: false, browserName: chrome, chrome: {chromedriverVersion: 2.34.522940 (1a76f96f66e3ca..., userDataDir: C:\Users\veera\AppData\Loca...}, cssSelectorsEnabled: true, databaseEnabled: false, handlesAlerts: true, hasTouchScreen: false, javascriptEnabled: true, locationContextEnabled: true, mobileEmulationEnabled: false, nativeEvents: true, networkConnectionEnabled: false, pageLoadStrategy: normal, platform: XP, platformName: XP, rotatable: false, setWindowRect: true, takesHeapSnapshot: true, takesScreenshot: true, unexpectedAlertBehaviour: , unhandledPromptBehavior: , version: 64.0.3282.186, webStorageEnabled: true}
Session ID: 8fe2f3dc8a7835dd87dcf3755c08f501
*** Element info: {Using=link text, value=Yes}
	at org.openqa.selenium.remote.ErrorHandler.createThrowable(ErrorHandler.java:214)
	at org.openqa.selenium.remote.ErrorHandler.throwIfResponseFailed(ErrorHandler.java:166)
	at org.openqa.selenium.remote.http.JsonHttpResponseCodec.reconstructValue(JsonHttpResponseCodec.java:40)
	at org.openqa.selenium.remote.http.AbstractHttpResponseCodec.decode(AbstractHttpResponseCodec.java:80)
	at org.openqa.selenium.remote.http.AbstractHttpResponseCodec.decode(AbstractHttpResponseCodec.java:44)
	at org.openqa.selenium.remote.HttpCommandExecutor.execute(HttpCommandExecutor.java:164)
	at org.openqa.selenium.remote.service.DriverCommandExecutor.execute(DriverCommandExecutor.java:83)
	at org.openqa.selenium.remote.RemoteWebDriver.execute(RemoteWebDriver.java:601)
	at org.openqa.selenium.remote.RemoteWebDriver.findElement(RemoteWebDriver.java:371)
	at org.openqa.selenium.remote.RemoteWebDriver.findElementByLinkText(RemoteWebDriver.java:425)
	at org.openqa.selenium.By$ByLinkText.findElement(By.java:246)
	at org.openqa.selenium.remote.RemoteWebDriver.findElement(RemoteWebDriver.java:363)
	at org.openqa.selenium.support.pagefactory.DefaultElementLocator.findElement(DefaultElementLocator.java:69)
	at org.openqa.selenium.support.pagefactory.internal.LocatingElementHandler.invoke(LocatingElementHandler.java:38)
	at com.sun.proxy.$Proxy10.isEnabled(Unknown Source)
	at com.vp.objects.FlightsPageObjects.clickYesBtnCheckInBagsPopup(FlightsPageObjects.java:87)
	at com.vp.tests.FlightPageTests.VerifyFlightspage(FlightPageTests.java:59)
	at com.vp.tests.ConvertedBooking.ConvertedBookingVerification(ConvertedBooking.java:51)
... Removed 29 stack frames
</div> <!-- stack-trace -->
                </div> <!-- method-content -->
              </div> <!-- method -->
            </div> <!-- main-panel-content rounded-window-bottom -->
          </div> <!-- suite-TestAutomationSmokeTestSuite-class-failed -->
          <div class="suite-TestAutomationSmokeTestSuite-class-passed">
            <div class="main-panel-header rounded-window-top">
              <img src="passed.png"/>
              <span class="class-name">com.vp.tests.VillaOnlyBooking</span>
            </div> <!-- main-panel-header rounded-window-top -->
            <div class="main-panel-content rounded-window-bottom">
              <div class="method">
                <div class="method-content">
                  <a name="VillaOnlyBookingVerification(chrome, https://www.villaplus.com/, 2, 2, 0, 05-23-2020, testautomation@ash-software.com, Al3 5NP)">
                  </a> <!-- VillaOnlyBookingVerification(chrome, https://www.villaplus.com/, 2, 2, 0, 05-23-2020, testautomation@ash-software.com, Al3 5NP) -->
                  <span class="method-name">VillaOnlyBookingVerification</span>
                  <span class="parameters">(chrome, https://www.villaplus.com/, 2, 2, 0, 05-23-2020, testautomation@ash-software.com, Al3 5NP)</span>
                </div> <!-- method-content -->
              </div> <!-- method -->
            </div> <!-- main-panel-content rounded-window-bottom -->
          </div> <!-- suite-TestAutomationSmokeTestSuite-class-passed -->
        </div> <!-- panel TestAutomationSmokeTestSuite -->
        <div panel-name="test-xml-TestAutomationSmokeTestSuite" class="panel">
          <div class="main-panel-header rounded-window-top">
            <span class="header-content">C:\Veera-Backup\Villaplus\TestAutomation\SmokeTest.xml</span>
          </div> <!-- main-panel-header rounded-window-top -->
          <div class="main-panel-content rounded-window-bottom">
            <pre>
&lt;?xml version=&quot;1.0&quot; encoding=&quot;UTF-8&quot;?&gt;
&lt;!DOCTYPE suite SYSTEM &quot;http://testng.org/testng-1.0.dtd&quot;&gt;
&lt;suite thread-count=&quot;-1&quot; guice-stage=&quot;DEVELOPMENT&quot; name=&quot;TestAutomationSmokeTestSuite&quot;&gt;
  &lt;parameter name=&quot;EmailID&quot; value=&quot;testautomation@ash-software.com&quot;/&gt;
  &lt;parameter name=&quot;InfantsToSelect&quot; value=&quot;0&quot;/&gt;
  &lt;parameter name=&quot;ChildToSelect&quot; value=&quot;2&quot;/&gt;
  &lt;parameter name=&quot;appURL&quot; value=&quot;https://www.villaplus.com/&quot;/&gt;
  &lt;parameter name=&quot;AdultsToSelect&quot; value=&quot;2&quot;/&gt;
  &lt;parameter name=&quot;PostCode&quot; value=&quot;Al3 5NP&quot;/&gt;
  &lt;parameter name=&quot;SeasonEndDate&quot; value=&quot;05-23-2020&quot;/&gt;
  &lt;listeners&gt;
    &lt;listener class-name=&quot;com.vp.utils.ExtentReportListner&quot;/&gt;
  &lt;/listeners&gt;
  &lt;test name=&quot;SmokeTests&quot;&gt;
    &lt;parameter name=&quot;browserType&quot; value=&quot;chrome&quot;/&gt;
    &lt;classes&gt;
      &lt;class name=&quot;com.vp.tests.VillaOnlyBooking&quot;/&gt;
      &lt;class name=&quot;com.vp.tests.PackageBooking&quot;/&gt;
      &lt;class name=&quot;com.vp.tests.ConvertedBooking&quot;/&gt;
    &lt;/classes&gt;
  &lt;/test&gt; &lt;!-- SmokeTests --&gt;
&lt;/suite&gt; &lt;!-- TestAutomationSmokeTestSuite --&gt;
            </pre>
          </div> <!-- main-panel-content rounded-window-bottom -->
        </div> <!-- panel -->
        <div panel-name="testlist-TestAutomationSmokeTestSuite" class="panel">
          <div class="main-panel-header rounded-window-top">
            <span class="header-content">Tests for TestAutomationSmokeTestSuite</span>
          </div> <!-- main-panel-header rounded-window-top -->
          <div class="main-panel-content rounded-window-bottom">
            <ul>
              <li>
                <span class="test-name">SmokeTests (3 classes)</span>
              </li>
            </ul>
          </div> <!-- main-panel-content rounded-window-bottom -->
        </div> <!-- panel -->
        <div panel-name="group-TestAutomationSmokeTestSuite" class="panel">
          <div class="main-panel-header rounded-window-top">
            <span class="header-content">Groups for TestAutomationSmokeTestSuite</span>
          </div> <!-- main-panel-header rounded-window-top -->
          <div class="main-panel-content rounded-window-bottom">
          </div> <!-- main-panel-content rounded-window-bottom -->
        </div> <!-- panel -->
        <div panel-name="times-TestAutomationSmokeTestSuite" class="panel">
          <div class="main-panel-header rounded-window-top">
            <span class="header-content">Times for TestAutomationSmokeTestSuite</span>
          </div> <!-- main-panel-header rounded-window-top -->
          <div class="main-panel-content rounded-window-bottom">
            <div class="times-div">
              <script type="text/javascript">
suiteTableInitFunctions.push('tableData_TestAutomationSmokeTestSuite');
function tableData_TestAutomationSmokeTestSuite() {
var data = new google.visualization.DataTable();
data.addColumn('number', 'Number');
data.addColumn('string', 'Method');
data.addColumn('string', 'Class');
data.addColumn('number', 'Time (ms)');
data.addRows(3);
data.setCell(0, 0, 0)
data.setCell(0, 1, 'PackageBookingVerification')
data.setCell(0, 2, 'com.vp.tests.PackageBooking')
data.setCell(0, 3, 246560);
data.setCell(1, 0, 1)
data.setCell(1, 1, 'VillaOnlyBookingVerification')
data.setCell(1, 2, 'com.vp.tests.VillaOnlyBooking')
data.setCell(1, 3, 156003);
data.setCell(2, 0, 2)
data.setCell(2, 1, 'ConvertedBookingVerification')
data.setCell(2, 2, 'com.vp.tests.ConvertedBooking')
data.setCell(2, 3, 154255);
window.suiteTableData['TestAutomationSmokeTestSuite']= { tableData: data, tableDiv: 'times-div-TestAutomationSmokeTestSuite'}
return data;
}
              </script>
              <span class="suite-total-time">Total running time: 9 minutes</span>
              <div id="times-div-TestAutomationSmokeTestSuite">
              </div> <!-- times-div-TestAutomationSmokeTestSuite -->
            </div> <!-- times-div -->
          </div> <!-- main-panel-content rounded-window-bottom -->
        </div> <!-- panel -->
        <div panel-name="reporter-TestAutomationSmokeTestSuite" class="panel">
          <div class="main-panel-header rounded-window-top">
            <span class="header-content">Reporter output for TestAutomationSmokeTestSuite</span>
          </div> <!-- main-panel-header rounded-window-top -->
          <div class="main-panel-content rounded-window-bottom">
            <div class="reporter-method-div">
              <span class="reporter-method-name">VillaOnlyBookingVerification(chrome, https://www.villaplus.com/, 2, 2, 0, 05-23-2020, testautomation@ash-software.com, Al3 5NP)</span>
              <div class="reporter-method-output-div">
                <span class="reporter-method-output">PASS : "Home Page" is Opened.</span>
                <span class="reporter-method-output">PASS : Destinations Dropdown is Opened.</span>
                <span class="reporter-method-output">PASS : "Crete" Selected from Destinations Dropdown.</span>
                <span class="reporter-method-output">PASS : Clicked Date Text box.</span>
                <span class="reporter-method-output">PASS : Selected "May 2018" From Month dropdown.</span>
                <span class="reporter-method-output">PASS : Selected "25" Date From Calender.</span>
                <span class="reporter-method-output">PASS : Selected "21 nights" From Duration dropdown.</span>
                <span class="reporter-method-output">PASS : Selected "2" Adults.</span>
                <span class="reporter-method-output">PASS : Selected "2" Child.</span>
                <span class="reporter-method-output">PASS : Selected "0" Infants.</span>
                <span class="reporter-method-output">FAIL : Could Not Select "[[[[ChromeDriver: chrome on XP (2084e6438b4ebc0fc79c252118a9d9c7)] -> id: ddAirports]] -> tag name: option]" From Airports dropdown.Index: 34, Size: 34</span>
                <span class="reporter-method-output">PASS : Clicked "Search" Button from Search Tile.</span>
                <span class="reporter-method-output">PASS : "Search Results" Page Opened.</span>
                <span class="reporter-method-output">PASS : 0 Villas found in Search Results page.</span>
                <span class="reporter-method-output">PASS : Destinations Dropdown is Opened.</span>
                <span class="reporter-method-output">PASS : "Cyprus" Selected from Destinations Dropdown.</span>
                <span class="reporter-method-output">PASS : Clicked Date Text box.</span>
                <span class="reporter-method-output">PASS : Selected "October 2018" From Month dropdown.</span>
                <span class="reporter-method-output">PASS : Selected "14" Date From Calender.</span>
                <span class="reporter-method-output">PASS : Selected "14 nights" From Duration dropdown.</span>
                <span class="reporter-method-output">PASS : Selected "2" Adults.</span>
                <span class="reporter-method-output">PASS : Selected "2" Child.</span>
                <span class="reporter-method-output">PASS : Selected "0" Infants.</span>
                <span class="reporter-method-output">FAIL : Could Not Select "[[[[ChromeDriver: chrome on XP (2084e6438b4ebc0fc79c252118a9d9c7)] -> id: ddAirports]] -> tag name: option]" From Airports dropdown.Index: 34, Size: 34</span>
                <span class="reporter-method-output">PASS : Clicked "Search" Button from Search Tile.</span>
                <span class="reporter-method-output">PASS : "Search Results" Page Opened.</span>
                <span class="reporter-method-output">PASS : 14 Villas found in Search Results page.</span>
                <span class="reporter-method-output">PASS : Clicked "Book Villa Only" Button.</span>
                <span class="reporter-method-output">FAIL : Could Not click "Book Villa Only" Button.stale element reference: element is not attached to the page document
  (Session info: chrome=64.0.3282.186)
  (Driver info: chromedriver=2.34.522940 (1a76f96f66e3ca7b8e57d503b4dd3bccfba87af1),platform=Windows NT 10.0.15063 x86_64) (WARNING: The server did not provide any stacktrace information)
Command duration or timeout: 0 milliseconds
For documentation on this error, please visit: http://seleniumhq.org/exceptions/stale_element_reference.html
Build info: version: '3.8.1', revision: '6e95a6684b', time: '2017-12-01T19:05:14.666Z'
System info: host: 'ASH-LPT-19', ip: '10.0.10.72', os.name: 'Windows 10', os.arch: 'amd64', os.version: '10.0', java.version: '1.8.0_151'
Driver info: org.openqa.selenium.chrome.ChromeDriver
Capabilities {acceptSslCerts: true, applicationCacheEnabled: false, browserConnectionEnabled: false, browserName: chrome, chrome: {chromedriverVersion: 2.34.522940 (1a76f96f66e3ca..., userDataDir: C:\Users\veera\AppData\Loca...}, cssSelectorsEnabled: true, databaseEnabled: false, handlesAlerts: true, hasTouchScreen: false, javascriptEnabled: true, locationContextEnabled: true, mobileEmulationEnabled: false, nativeEvents: true, networkConnectionEnabled: false, pageLoadStrategy: normal, platform: XP, platformName: XP, rotatable: false, setWindowRect: true, takesHeapSnapshot: true, takesScreenshot: true, unexpectedAlertBehaviour: , unhandledPromptBehavior: , version: 64.0.3282.186, webStorageEnabled: true}
Session ID: 2084e6438b4ebc0fc79c252118a9d9c7</span>
                <span class="reporter-method-output">PASS : Clicked "Continue" Button From "Flights" page.</span>
                <span class="reporter-method-output">FAIL : "Group Detail" Page Title is Villa Plus | Group Details</span>
                <span class="reporter-method-output">PASS : \ Title is Clickable</span>
                <span class="reporter-method-output">PASS : \ Title is Clickable</span>
                <span class="reporter-method-output">PASS : \ Title is Clickable</span>
                <span class="reporter-method-output">PASS : \ Title is Clickable</span>
                <span class="reporter-method-output">PASS : \ Title of all pax is Selected</span>
                <span class="reporter-method-output">PASS : Entered First Names for All Pax.</span>
                <span class="reporter-method-output">PASS : Entered Land Names for All Pax.</span>
                <span class="reporter-method-output">PASS : Adding EmailId </span>
                <span class="reporter-method-output">PASS : Adding Confirm EmailId </span>
                <span class="reporter-method-output">PASS : Adding post code </span>
                <span class="reporter-method-output">PASS : Suceessfully Click on button "Look Up Address"</span>
                <span class="reporter-method-output">FAIL :\ Address is not selected form Address Look Up pop-up bound must be positive</span>
                <span class="reporter-method-output">FAIL : Could not selected Age group for all Pax unknown error: Element <select id="GroupDetailsData_2__AgeGroup" name="GroupDetailsData[2].AgeGroup" onchange="SetInsuranceValuesForInfant(this)">...</select> is not clickable at point (317, 744). Other element would receive the click: <input data-errorcontainer="errMsgTown" data-errboxarrwconfig="ChangedboxArrowConfig" data-errboxconfig="ChangedboxPositionConfig" data-val="true" data-val-required="Please enter Town/City." data-val-valgroup="" data-val-valgroup-name="FNameGroup" id="txtTown" maxlength="30" name="GroupDetailsData[0].leadpaxmodel.AddressModel.UKAddress.Town" type="text" value="">
  (Session info: chrome=64.0.3282.186)
  (Driver info: chromedriver=2.34.522940 (1a76f96f66e3ca7b8e57d503b4dd3bccfba87af1),platform=Windows NT 10.0.15063 x86_64) (WARNING: The server did not provide any stacktrace information)
Command duration or timeout: 0 milliseconds
Build info: version: '3.8.1', revision: '6e95a6684b', time: '2017-12-01T19:05:14.666Z'
System info: host: 'ASH-LPT-19', ip: '10.0.10.72', os.name: 'Windows 10', os.arch: 'amd64', os.version: '10.0', java.version: '1.8.0_151'
Driver info: org.openqa.selenium.chrome.ChromeDriver
Capabilities {acceptSslCerts: true, applicationCacheEnabled: false, browserConnectionEnabled: false, browserName: chrome, chrome: {chromedriverVersion: 2.34.522940 (1a76f96f66e3ca..., userDataDir: C:\Users\veera\AppData\Loca...}, cssSelectorsEnabled: true, databaseEnabled: false, handlesAlerts: true, hasTouchScreen: false, javascriptEnabled: true, locationContextEnabled: true, mobileEmulationEnabled: false, nativeEvents: true, networkConnectionEnabled: false, pageLoadStrategy: normal, platform: XP, platformName: XP, rotatable: false, setWindowRect: true, takesHeapSnapshot: true, takesScreenshot: true, unexpectedAlertBehaviour: , unhandledPromptBehavior: , version: 64.0.3282.186, webStorageEnabled: true}
Session ID: 2084e6438b4ebc0fc79c252118a9d9c7</span>
                <span class="reporter-method-output">PASS : Adding a Day Phone no Code </span>
                <span class="reporter-method-output">PASS : Adding a Day Phone Number</span>
                <span class="reporter-method-output">PASS : Adding Mobile Number</span>
                <span class="reporter-method-output">PASS : Suceessfully Click on button "Continue"</span>
                <span class="reporter-method-output">PASS : Click on I Agree Button from Insurance pop-up</span>
                <span class="reporter-method-output">FAIL : "Extras" Page Title is Villa Plus | Group Details</span>
                <span class="reporter-method-output">PASS : Clicked "Continue" Button From "Extras" page.</span>
                <span class="reporter-method-output">FAIL : Could Not Click "I Agree" Button From "Extras" page.no such element: Unable to locate element: {"method":"link text","selector":"I Agree"}
  (Session info: chrome=64.0.3282.186)
  (Driver info: chromedriver=2.34.522940 (1a76f96f66e3ca7b8e57d503b4dd3bccfba87af1),platform=Windows NT 10.0.15063 x86_64) (WARNING: The server did not provide any stacktrace information)
Command duration or timeout: 0 milliseconds
For documentation on this error, please visit: http://seleniumhq.org/exceptions/no_such_element.html
Build info: version: '3.8.1', revision: '6e95a6684b', time: '2017-12-01T19:05:14.666Z'
System info: host: 'ASH-LPT-19', ip: '10.0.10.72', os.name: 'Windows 10', os.arch: 'amd64', os.version: '10.0', java.version: '1.8.0_151'
Driver info: org.openqa.selenium.chrome.ChromeDriver
Capabilities {acceptSslCerts: true, applicationCacheEnabled: false, browserConnectionEnabled: false, browserName: chrome, chrome: {chromedriverVersion: 2.34.522940 (1a76f96f66e3ca..., userDataDir: C:\Users\veera\AppData\Loca...}, cssSelectorsEnabled: true, databaseEnabled: false, handlesAlerts: true, hasTouchScreen: false, javascriptEnabled: true, locationContextEnabled: true, mobileEmulationEnabled: false, nativeEvents: true, networkConnectionEnabled: false, pageLoadStrategy: normal, platform: XP, platformName: XP, rotatable: false, setWindowRect: true, takesHeapSnapshot: true, takesScreenshot: true, unexpectedAlertBehaviour: , unhandledPromptBehavior: , version: 64.0.3282.186, webStorageEnabled: true}
Session ID: 2084e6438b4ebc0fc79c252118a9d9c7
*** Element info: {Using=link text, value=I Agree}</span>
                <span class="reporter-method-output">PASS : Clicked "Later" Button From "Flight Info" Popup.</span>
              </div> <!-- reporter-method-output-div -->
            </div> <!-- reporter-method-div -->
            <div class="reporter-method-div">
              <span class="reporter-method-name">PackageBookingVerification(chrome, https://www.villaplus.com/, 2, 2, 0, 05-23-2020, testautomation@ash-software.com, Al3 5NP)</span>
              <div class="reporter-method-output-div">
                <span class="reporter-method-output">PASS : "Home Page" is Opened.</span>
                <span class="reporter-method-output">PASS : Destinations Dropdown is Opened.</span>
                <span class="reporter-method-output">PASS : "Rhodes" Selected from Destinations Dropdown.</span>
                <span class="reporter-method-output">PASS : Clicked Date Text box.</span>
                <span class="reporter-method-output">PASS : Selected "April 2018" From Month dropdown.</span>
                <span class="reporter-method-output">PASS : Selected "28" Date From Calender.</span>
                <span class="reporter-method-output">PASS : Selected "14 nights" From Duration dropdown.</span>
                <span class="reporter-method-output">PASS : Selected "2" Adults.</span>
                <span class="reporter-method-output">PASS : Selected "2" Child.</span>
                <span class="reporter-method-output">PASS : Selected "0" Infants.</span>
                <span class="reporter-method-output">FAIL : Could Not Select "[[[[ChromeDriver: chrome on XP (36c214fd94484f7a773efe5945a8e591)] -> id: ddAirports]] -> tag name: option]" From Airports dropdown.Index: 34, Size: 34</span>
                <span class="reporter-method-output">PASS : Clicked "Search" Button from Search Tile.</span>
                <span class="reporter-method-output">PASS : "Search Results" Page Opened.</span>
                <span class="reporter-method-output">PASS : 0 Villas found in Search Results page.</span>
                <span class="reporter-method-output">PASS : Destinations Dropdown is Opened.</span>
                <span class="reporter-method-output">PASS : "Croatia" Selected from Destinations Dropdown.</span>
                <span class="reporter-method-output">PASS : Clicked Date Text box.</span>
                <span class="reporter-method-output">PASS : Selected "July 2018" From Month dropdown.</span>
                <span class="reporter-method-output">PASS : Selected "7" Date From Calender.</span>
                <span class="reporter-method-output">PASS : Selected "21 nights" From Duration dropdown.</span>
                <span class="reporter-method-output">PASS : Selected "2" Adults.</span>
                <span class="reporter-method-output">PASS : Selected "2" Child.</span>
                <span class="reporter-method-output">PASS : Selected "0" Infants.</span>
                <span class="reporter-method-output">FAIL : Could Not Select "[[[[ChromeDriver: chrome on XP (36c214fd94484f7a773efe5945a8e591)] -> id: ddAirports]] -> tag name: option]" From Airports dropdown.Index: 34, Size: 34</span>
                <span class="reporter-method-output">PASS : Clicked "Search" Button from Search Tile.</span>
                <span class="reporter-method-output">PASS : "Search Results" Page Opened.</span>
                <span class="reporter-method-output">PASS : 3 Villas found in Search Results page.</span>
                <span class="reporter-method-output">PASS : Clicked "Book Villa & Flights" Button.</span>
                <span class="reporter-method-output">PASS : Edit Flight Button is clicked</span>
                <span class="reporter-method-output">Title of the Edit Flight popup is matched - Edit Flight Details</span>
                <span class="reporter-method-output">PASS : Selected Airport Name is London Southend</span>
                <span class="reporter-method-output">PASS : Sort Option is selected</span>
                <span class="reporter-method-output">PASS : Performed Slider Movement on the Right</span>
                <span class="reporter-method-output">PASS : Performed Slider Movement on the Left</span>
                <span class="reporter-method-output">PASS : Flight Payment Checkbox is selected</span>
                <span class="reporter-method-output">PASS : UK Departure Airport Checkbox is selected</span>
                <span class="reporter-method-output">PASS : UK Arrival Airport Checkbox is selected</span>
                <span class="reporter-method-output">PASS : Airline Checkbox is selected</span>
                <span class="reporter-method-output">PASS : Click on the Clear All Button</span>
                <span class="reporter-method-output">PASS : Another Flight is selected</span>
                <span class="reporter-method-output">PASS : Clicked on the Continue Button</span>
                <span class="reporter-method-output">PASS : Click on the Add More Flights button.</span>
                <span class="reporter-method-output">PASS : Title of the Add More Flights is matched - Add More Flights</span>
                <span class="reporter-method-output">PASS : Able to add more flights</span>
                <span class="reporter-method-output">PASS : Click on the Continue button from Add More Flights popup</span>
                <span class="reporter-method-output">FAIL : Could Not Click "Continue" Button From "Flights" page.unknown error: Element <a href="#" class="btn bg-greenfade float-right" id="btn...Flights" style="border: solid 2px white">Continue</a> is not clickable at point (691, 59). Other element would receive the click: <div id="disabler" class="Whiteopacity" style="height: 3296px; display: block; z-index: 10000;"></div>
  (Session info: chrome=64.0.3282.186)
  (Driver info: chromedriver=2.34.522940 (1a76f96f66e3ca7b8e57d503b4dd3bccfba87af1),platform=Windows NT 10.0.15063 x86_64) (WARNING: The server did not provide any stacktrace information)
Command duration or timeout: 0 milliseconds
Build info: version: '3.8.1', revision: '6e95a6684b', time: '2017-12-01T19:05:14.666Z'
System info: host: 'ASH-LPT-19', ip: '10.0.10.72', os.name: 'Windows 10', os.arch: 'amd64', os.version: '10.0', java.version: '1.8.0_151'
Driver info: org.openqa.selenium.chrome.ChromeDriver
Capabilities {acceptSslCerts: true, applicationCacheEnabled: false, browserConnectionEnabled: false, browserName: chrome, chrome: {chromedriverVersion: 2.34.522940 (1a76f96f66e3ca..., userDataDir: C:\Users\veera\AppData\Loca...}, cssSelectorsEnabled: true, databaseEnabled: false, handlesAlerts: true, hasTouchScreen: false, javascriptEnabled: true, locationContextEnabled: true, mobileEmulationEnabled: false, nativeEvents: true, networkConnectionEnabled: false, pageLoadStrategy: normal, platform: XP, platformName: XP, rotatable: false, setWindowRect: true, takesHeapSnapshot: true, takesScreenshot: true, unexpectedAlertBehaviour: , unhandledPromptBehavior: , version: 64.0.3282.186, webStorageEnabled: true}
Session ID: 36c214fd94484f7a773efe5945a8e591</span>
              </div> <!-- reporter-method-output-div -->
            </div> <!-- reporter-method-div -->
            <div class="reporter-method-div">
              <span class="reporter-method-name">ConvertedBookingVerification(chrome, https://www.villaplus.com/, 2, 2, 0, 05-23-2020, testautomation@ash-software.com, Al3 5NP)</span>
              <div class="reporter-method-output-div">
                <span class="reporter-method-output">PASS : "Home Page" is Opened.</span>
                <span class="reporter-method-output">PASS : Destinations Dropdown is Opened.</span>
                <span class="reporter-method-output">PASS : "Puglia" Selected from Destinations Dropdown.</span>
                <span class="reporter-method-output">PASS : Clicked Date Text box.</span>
                <span class="reporter-method-output">PASS : Selected "April 2018" From Month dropdown.</span>
                <span class="reporter-method-output">PASS : Selected "14" Date From Calender.</span>
                <span class="reporter-method-output">PASS : Selected "28 nights" From Duration dropdown.</span>
                <span class="reporter-method-output">PASS : Selected "2" Adults.</span>
                <span class="reporter-method-output">PASS : Selected "2" Child.</span>
                <span class="reporter-method-output">PASS : Selected "0" Infants.</span>
                <span class="reporter-method-output">FAIL : Could Not Select "[[[[ChromeDriver: chrome on XP (8fe2f3dc8a7835dd87dcf3755c08f501)] -> id: ddAirports]] -> tag name: option]" From Airports dropdown.Index: 34, Size: 34</span>
                <span class="reporter-method-output">PASS : Clicked "Search" Button from Search Tile.</span>
                <span class="reporter-method-output">PASS : "Search Results" Page Opened.</span>
                <span class="reporter-method-output">PASS : 1 Villas found in Search Results page.</span>
                <span class="reporter-method-output">PASS : Clicked "Book Villa Only" Button.</span>
                <span class="reporter-method-output">FAIL : Could Not click "Book Villa Only" Button.stale element reference: element is not attached to the page document
  (Session info: chrome=64.0.3282.186)
  (Driver info: chromedriver=2.34.522940 (1a76f96f66e3ca7b8e57d503b4dd3bccfba87af1),platform=Windows NT 10.0.15063 x86_64) (WARNING: The server did not provide any stacktrace information)
Command duration or timeout: 0 milliseconds
For documentation on this error, please visit: http://seleniumhq.org/exceptions/stale_element_reference.html
Build info: version: '3.8.1', revision: '6e95a6684b', time: '2017-12-01T19:05:14.666Z'
System info: host: 'ASH-LPT-19', ip: '10.0.10.72', os.name: 'Windows 10', os.arch: 'amd64', os.version: '10.0', java.version: '1.8.0_151'
Driver info: org.openqa.selenium.chrome.ChromeDriver
Capabilities {acceptSslCerts: true, applicationCacheEnabled: false, browserConnectionEnabled: false, browserName: chrome, chrome: {chromedriverVersion: 2.34.522940 (1a76f96f66e3ca..., userDataDir: C:\Users\veera\AppData\Loca...}, cssSelectorsEnabled: true, databaseEnabled: false, handlesAlerts: true, hasTouchScreen: false, javascriptEnabled: true, locationContextEnabled: true, mobileEmulationEnabled: false, nativeEvents: true, networkConnectionEnabled: false, pageLoadStrategy: normal, platform: XP, platformName: XP, rotatable: false, setWindowRect: true, takesHeapSnapshot: true, takesScreenshot: true, unexpectedAlertBehaviour: , unhandledPromptBehavior: , version: 64.0.3282.186, webStorageEnabled: true}
Session ID: 8fe2f3dc8a7835dd87dcf3755c08f501</span>
                <span class="reporter-method-output">PASS : Add Flights button is clicked</span>
                <span class="reporter-method-output">PASS : Airport is selected for Converted Booking.</span>
                <span class="reporter-method-output">PASS : Selected Airport name is - Aberdeen</span>
                <span class="reporter-method-output">PASS : Clicked on the Continue button from the Choose Departure AIrport popup</span>
                <span class="reporter-method-output">PASS : Clicked "Continue" Button From "Flights" page.</span>
              </div> <!-- reporter-method-output-div -->
            </div> <!-- reporter-method-div -->
          </div> <!-- main-panel-content rounded-window-bottom -->
        </div> <!-- panel -->
        <div panel-name="ignored-methods-TestAutomationSmokeTestSuite" class="panel">
          <div class="main-panel-header rounded-window-top">
            <span class="header-content">0 ignored methods</span>
          </div> <!-- main-panel-header rounded-window-top -->
          <div class="main-panel-content rounded-window-bottom">
          </div> <!-- main-panel-content rounded-window-bottom -->
        </div> <!-- panel -->
        <div panel-name="chronological-TestAutomationSmokeTestSuite" class="panel">
          <div class="main-panel-header rounded-window-top">
            <span class="header-content">Methods in chronological order</span>
          </div> <!-- main-panel-header rounded-window-top -->
          <div class="main-panel-content rounded-window-bottom">
            <div class="chronological-class">
              <div class="chronological-class-name">com.vp.tests.VillaOnlyBooking</div> <!-- chronological-class-name -->
              <div class="configuration-method before">
                <span class="method-name">initBrowser(chrome, https://www.villaplus.com/)</span>
                <span class="method-start">0 ms</span>
              </div> <!-- configuration-method before -->
              <div class="test-method">
                <span class="method-name">VillaOnlyBookingVerification(chrome, https://www.villaplus.com/, 2, 2, 0, 05-23-2020, testautomation@ash-software.com, Al3 5NP)</span>
                <span class="method-start">38425 ms</span>
              </div> <!-- test-method -->
              <div class="configuration-method after">
                <span class="method-name">CloseBrowser</span>
                <span class="method-start">194430 ms</span>
              </div> <!-- configuration-method after -->
            </div> <!-- chronological-class -->
            <div class="chronological-class">
              <div class="chronological-class-name">com.vp.tests.PackageBooking</div> <!-- chronological-class-name -->
              <div class="configuration-method before">
                <span class="method-name">initBrowser(chrome, https://www.villaplus.com/)</span>
                <span class="method-start">195120 ms</span>
              </div> <!-- configuration-method before -->
              <div class="test-method">
                <img src="failed.png">
                </img>
                <span class="method-name">PackageBookingVerification(chrome, https://www.villaplus.com/, 2, 2, 0, 05-23-2020, testautomation@ash-software.com, Al3 5NP)</span>
                <span class="method-start">229320 ms</span>
              </div> <!-- test-method -->
              <div class="configuration-method after">
                <span class="method-name">CloseBrowser</span>
                <span class="method-start">475883 ms</span>
              </div> <!-- configuration-method after -->
            </div> <!-- chronological-class -->
            <div class="chronological-class">
              <div class="chronological-class-name">com.vp.tests.ConvertedBooking</div> <!-- chronological-class-name -->
              <div class="configuration-method before">
                <span class="method-name">initBrowser(chrome, https://www.villaplus.com/)</span>
                <span class="method-start">476589 ms</span>
              </div> <!-- configuration-method before -->
              <div class="test-method">
                <img src="failed.png">
                </img>
                <span class="method-name">ConvertedBookingVerification(chrome, https://www.villaplus.com/, 2, 2, 0, 05-23-2020, testautomation@ash-software.com, Al3 5NP)</span>
                <span class="method-start">510665 ms</span>
              </div> <!-- test-method -->
              <div class="configuration-method after">
                <span class="method-name">CloseBrowser</span>
                <span class="method-start">664922 ms</span>
              </div> <!-- configuration-method after -->
          </div> <!-- main-panel-content rounded-window-bottom -->
        </div> <!-- panel -->
      </div> <!-- main-panel-root -->
    </div> <!-- wrapper -->
  </body>
</html>
