<?xml version="1.0" encoding="UTF-8"?>
<testng-results skipped="0" failed="4" ignored="2" total="14" passed="8">
  <reporter-output>
  </reporter-output>
  <suite name="TestAutomationSmokeTests" duration-ms="172660" started-at="2018-02-23T14:19:32Z" finished-at="2018-02-23T14:22:24Z">
    <groups>
      <group name="PKBooking">
        <method signature="ExtrasPageTests.VerifyExtrasPage()[pri:6, instance:com.vp.tests.ExtrasPageTests@4dfa3a9d]" name="VerifyExtrasPage" class="com.vp.tests.ExtrasPageTests"/>
        <method signature="FlightPageTests.VerifyFlightspage()[pri:4, instance:com.vp.tests.FlightPageTests@754ba872]" name="VerifyFlightspage" class="com.vp.tests.FlightPageTests"/>
        <method signature="GroupDetailsPageTests.verifyContinuebtnFunctionality()[pri:5, instance:com.vp.tests.GroupDetailsPageTests@146ba0ac]" name="verifyContinuebtnFunctionality" class="com.vp.tests.GroupDetailsPageTests"/>
        <method signature="HomePageTests.verifySearchBtnFunctionality(java.lang.String, java.lang.String, java.lang.String, java.lang.String, java.lang.String, java.lang.String)[pri:1, instance:com.vp.tests.HomePageTests@4667ae56]" name="verifySearchBtnFunctionality" class="com.vp.tests.HomePageTests"/>
        <method signature="SRPageTests.verifySearchResultspage()[pri:2, instance:com.vp.tests.SRPageTests@e25b2fe]" name="verifySearchResultspage" class="com.vp.tests.SRPageTests"/>
        <method signature="ExtrasPageTests.VerifyExtrasPage()[pri:6, instance:com.vp.tests.ExtrasPageTests@4566e5bd]" name="VerifyExtrasPage" class="com.vp.tests.ExtrasPageTests"/>
        <method signature="FlightPageTests.VerifyFlightspage()[pri:4, instance:com.vp.tests.FlightPageTests@13805618]" name="VerifyFlightspage" class="com.vp.tests.FlightPageTests"/>
        <method signature="GroupDetailsPageTests.verifyContinuebtnFunctionality()[pri:5, instance:com.vp.tests.GroupDetailsPageTests@56ef9176]" name="verifyContinuebtnFunctionality" class="com.vp.tests.GroupDetailsPageTests"/>
        <method signature="HomePageTests.verifySearchBtnFunctionality(java.lang.String, java.lang.String, java.lang.String, java.lang.String, java.lang.String, java.lang.String)[pri:1, instance:com.vp.tests.HomePageTests@5cb9f472]" name="verifySearchBtnFunctionality" class="com.vp.tests.HomePageTests"/>
        <method signature="SRPageTests.openPKSummaryPage()[pri:3, instance:com.vp.tests.SRPageTests@cb644e]" name="openPKSummaryPage" class="com.vp.tests.SRPageTests"/>
        <method signature="SRPageTests.verifySearchResultspage()[pri:2, instance:com.vp.tests.SRPageTests@cb644e]" name="verifySearchResultspage" class="com.vp.tests.SRPageTests"/>
      </group> <!-- PKBooking -->
      <group name="VOBooking">
        <method signature="ExtrasPageTests.VerifyExtrasPage()[pri:6, instance:com.vp.tests.ExtrasPageTests@4dfa3a9d]" name="VerifyExtrasPage" class="com.vp.tests.ExtrasPageTests"/>
        <method signature="FlightPageTests.VerifyFlightspage()[pri:4, instance:com.vp.tests.FlightPageTests@754ba872]" name="VerifyFlightspage" class="com.vp.tests.FlightPageTests"/>
        <method signature="GroupDetailsPageTests.verifyContinuebtnFunctionality()[pri:5, instance:com.vp.tests.GroupDetailsPageTests@146ba0ac]" name="verifyContinuebtnFunctionality" class="com.vp.tests.GroupDetailsPageTests"/>
        <method signature="HomePageTests.verifySearchBtnFunctionality(java.lang.String, java.lang.String, java.lang.String, java.lang.String, java.lang.String, java.lang.String)[pri:1, instance:com.vp.tests.HomePageTests@4667ae56]" name="verifySearchBtnFunctionality" class="com.vp.tests.HomePageTests"/>
        <method signature="SRPageTests.openVOSummaryPage()[pri:3, instance:com.vp.tests.SRPageTests@e25b2fe]" name="openVOSummaryPage" class="com.vp.tests.SRPageTests"/>
        <method signature="SRPageTests.verifySearchResultspage()[pri:2, instance:com.vp.tests.SRPageTests@e25b2fe]" name="verifySearchResultspage" class="com.vp.tests.SRPageTests"/>
        <method signature="ExtrasPageTests.VerifyExtrasPage()[pri:6, instance:com.vp.tests.ExtrasPageTests@4566e5bd]" name="VerifyExtrasPage" class="com.vp.tests.ExtrasPageTests"/>
        <method signature="FlightPageTests.VerifyFlightspage()[pri:4, instance:com.vp.tests.FlightPageTests@13805618]" name="VerifyFlightspage" class="com.vp.tests.FlightPageTests"/>
        <method signature="GroupDetailsPageTests.verifyContinuebtnFunctionality()[pri:5, instance:com.vp.tests.GroupDetailsPageTests@56ef9176]" name="verifyContinuebtnFunctionality" class="com.vp.tests.GroupDetailsPageTests"/>
        <method signature="HomePageTests.verifySearchBtnFunctionality(java.lang.String, java.lang.String, java.lang.String, java.lang.String, java.lang.String, java.lang.String)[pri:1, instance:com.vp.tests.HomePageTests@5cb9f472]" name="verifySearchBtnFunctionality" class="com.vp.tests.HomePageTests"/>
        <method signature="SRPageTests.verifySearchResultspage()[pri:2, instance:com.vp.tests.SRPageTests@cb644e]" name="verifySearchResultspage" class="com.vp.tests.SRPageTests"/>
      </group> <!-- VOBooking -->
    </groups>
    <test name="SmokeTestsOnFirefox" duration-ms="112406" started-at="2018-02-23T14:19:32Z" finished-at="2018-02-23T14:21:24Z">
      <class name="com.vp.tests.FlightPageTests">
        <test-method status="PASS" signature="VerifyFlightspage()[pri:4, instance:com.vp.tests.FlightPageTests@754ba872]" name="VerifyFlightspage" duration-ms="3348" started-at="2018-02-23T19:50:17Z" finished-at="2018-02-23T19:50:21Z">
          <reporter-output>
          </reporter-output>
        </test-method> <!-- VerifyFlightspage -->
      </class> <!-- com.vp.tests.FlightPageTests -->
      <class name="com.vp.tests.SRPageTests">
        <test-method status="PASS" signature="verifySearchResultspage()[pri:2, instance:com.vp.tests.SRPageTests@e25b2fe]" name="verifySearchResultspage" duration-ms="3" started-at="2018-02-23T19:50:05Z" finished-at="2018-02-23T19:50:05Z">
          <reporter-output>
          </reporter-output>
        </test-method> <!-- verifySearchResultspage -->
        <test-method status="PASS" signature="openVOSummaryPage()[pri:3, instance:com.vp.tests.SRPageTests@e25b2fe]" name="openVOSummaryPage" duration-ms="12523" started-at="2018-02-23T19:50:05Z" finished-at="2018-02-23T19:50:17Z">
          <reporter-output>
          </reporter-output>
        </test-method> <!-- openVOSummaryPage -->
      </class> <!-- com.vp.tests.SRPageTests -->
      <class name="com.vp.tests.GroupDetailsPageTests">
        <test-method status="PASS" signature="verifyContinuebtnFunctionality()[pri:5, instance:com.vp.tests.GroupDetailsPageTests@146ba0ac]" name="verifyContinuebtnFunctionality" duration-ms="28693" started-at="2018-02-23T19:50:21Z" finished-at="2018-02-23T19:50:49Z">
          <reporter-output>
          </reporter-output>
        </test-method> <!-- verifyContinuebtnFunctionality -->
      </class> <!-- com.vp.tests.GroupDetailsPageTests -->
      <class name="com.vp.tests.ExtrasPageTests">
        <test-method status="PASS" signature="VerifyExtrasPage()[pri:6, instance:com.vp.tests.ExtrasPageTests@4dfa3a9d]" name="VerifyExtrasPage" duration-ms="34863" started-at="2018-02-23T19:50:49Z" finished-at="2018-02-23T19:51:24Z">
          <reporter-output>
          </reporter-output>
        </test-method> <!-- VerifyExtrasPage -->
      </class> <!-- com.vp.tests.ExtrasPageTests -->
      <class name="com.vp.tests.HomePageTests">
        <test-method status="PASS" signature="verifySearchBtnFunctionality(java.lang.String, java.lang.String, java.lang.String, java.lang.String, java.lang.String, java.lang.String)[pri:1, instance:com.vp.tests.HomePageTests@4667ae56]" name="verifySearchBtnFunctionality" duration-ms="32924" started-at="2018-02-23T19:49:32Z" finished-at="2018-02-23T19:50:05Z">
          <params>
            <param index="0">
              <value>
                <![CDATA[chrome]]>
              </value>
            </param>
            <param index="1">
              <value>
                <![CDATA[https://www.villaplus.com/]]>
              </value>
            </param>
            <param index="2">
              <value>
                <![CDATA[2]]>
              </value>
            </param>
            <param index="3">
              <value>
                <![CDATA[2]]>
              </value>
            </param>
            <param index="4">
              <value>
                <![CDATA[0]]>
              </value>
            </param>
            <param index="5">
              <value>
                <![CDATA[05-23-2020]]>
              </value>
            </param>
          </params>
          <reporter-output>
          </reporter-output>
        </test-method> <!-- verifySearchBtnFunctionality -->
      </class> <!-- com.vp.tests.HomePageTests -->
    </test> <!-- SmokeTestsOnFirefox -->
    <test name="RegressionTestsOnFirefox" duration-ms="60237" started-at="2018-02-23T14:21:24Z" finished-at="2018-02-23T14:22:24Z">
      <class name="com.vp.tests.FlightPageTests">
        <test-method status="FAIL" signature="VerifyFlightspage()[pri:4, instance:com.vp.tests.FlightPageTests@13805618]" name="VerifyFlightspage" duration-ms="15" started-at="2018-02-23T19:52:24Z" finished-at="2018-02-23T19:52:24Z">
          <exception class="org.openqa.selenium.SessionNotCreatedException">
            <message>
              <![CDATA[Tried to run command without establishing a connectionBuild info: version: '3.8.1', revision: '6e95a6684b', time: '2017-12-01T19:05:14.666Z'System info: host: 'ASH-LPT-19', ip: '10.0.10.72', os.name: 'Windows 10', os.arch: 'amd64', os.version: '10.0', java.version: '1.8.0_151'Driver info: org.openqa.selenium.firefox.FirefoxDriverCapabilities {acceptInsecureCerts: true, browserName: firefox, browserVersion: 57.0.2, javascriptEnabled: true, moz:accessibilityChecks: false, moz:headless: false, moz:processID: 10348, moz:profile: C:\Users\veera\AppData\Loca..., moz:webdriverClick: false, pageLoadStrategy: normal, platform: XP, platformName: XP, platformVersion: 10.0, rotatable: false, timeouts: {implicit: 0, pageLoad: 300000, script: 30000}}Session ID: c59a9a84-6599-4546-a13d-445e48bf9493]]>
            </message>
            <full-stacktrace>
              <![CDATA[org.openqa.selenium.SessionNotCreatedException: Tried to run command without establishing a connectionBuild info: version: '3.8.1', revision: '6e95a6684b', time: '2017-12-01T19:05:14.666Z'System info: host: 'ASH-LPT-19', ip: '10.0.10.72', os.name: 'Windows 10', os.arch: 'amd64', os.version: '10.0', java.version: '1.8.0_151'Driver info: org.openqa.selenium.firefox.FirefoxDriverCapabilities {acceptInsecureCerts: true, browserName: firefox, browserVersion: 57.0.2, javascriptEnabled: true, moz:accessibilityChecks: false, moz:headless: false, moz:processID: 10348, moz:profile: C:\Users\veera\AppData\Loca..., moz:webdriverClick: false, pageLoadStrategy: normal, platform: XP, platformName: XP, platformVersion: 10.0, rotatable: false, timeouts: {implicit: 0, pageLoad: 300000, script: 30000}}Session ID: c59a9a84-6599-4546-a13d-445e48bf9493at sun.reflect.NativeConstructorAccessorImpl.newInstance0(Native Method)at sun.reflect.NativeConstructorAccessorImpl.newInstance(Unknown Source)at sun.reflect.DelegatingConstructorAccessorImpl.newInstance(Unknown Source)at java.lang.reflect.Constructor.newInstance(Unknown Source)at org.openqa.selenium.remote.http.W3CHttpResponseCodec.createException(W3CHttpResponseCodec.java:187)at org.openqa.selenium.remote.http.W3CHttpResponseCodec.decode(W3CHttpResponseCodec.java:122)at org.openqa.selenium.remote.http.W3CHttpResponseCodec.decode(W3CHttpResponseCodec.java:49)at org.openqa.selenium.remote.HttpCommandExecutor.execute(HttpCommandExecutor.java:164)at org.openqa.selenium.remote.service.DriverCommandExecutor.execute(DriverCommandExecutor.java:83)at org.openqa.selenium.remote.RemoteWebDriver.execute(RemoteWebDriver.java:601)at org.openqa.selenium.remote.RemoteWebDriver.execute(RemoteWebDriver.java:658)at org.openqa.selenium.remote.RemoteWebDriver.getTitle(RemoteWebDriver.java:329)at com.vp.objects.FlightsPageObjects.verifyFlightsPageOpened(FlightsPageObjects.java:31)at com.vp.tests.FlightPageTests.VerifyFlightspage(FlightPageTests.java:24)at sun.reflect.NativeMethodAccessorImpl.invoke0(Native Method)at sun.reflect.NativeMethodAccessorImpl.invoke(Unknown Source)at sun.reflect.DelegatingMethodAccessorImpl.invoke(Unknown Source)at java.lang.reflect.Method.invoke(Unknown Source)at org.testng.internal.MethodInvocationHelper.invokeMethod(MethodInvocationHelper.java:124)at org.testng.internal.Invoker.invokeMethod(Invoker.java:571)at org.testng.internal.Invoker.invokeTestMethod(Invoker.java:707)at org.testng.internal.Invoker.invokeTestMethods(Invoker.java:979)at org.testng.internal.TestMethodWorker.invokeTestMethods(TestMethodWorker.java:125)at org.testng.internal.TestMethodWorker.run(TestMethodWorker.java:109)at org.testng.TestRunner.privateRun(TestRunner.java:648)at org.testng.TestRunner.run(TestRunner.java:505)at org.testng.SuiteRunner.runTest(SuiteRunner.java:455)at org.testng.SuiteRunner.runSequentially(SuiteRunner.java:450)at org.testng.SuiteRunner.privateRun(SuiteRunner.java:415)at org.testng.SuiteRunner.run(SuiteRunner.java:364)at org.testng.SuiteRunnerWorker.runSuite(SuiteRunnerWorker.java:52)at org.testng.SuiteRunnerWorker.run(SuiteRunnerWorker.java:84)at org.testng.TestNG.runSuitesSequentially(TestNG.java:1187)at org.testng.TestNG.runSuitesLocally(TestNG.java:1116)at org.testng.TestNG.runSuites(TestNG.java:1028)at org.testng.TestNG.run(TestNG.java:996)at org.testng.remote.AbstractRemoteTestNG.run(AbstractRemoteTestNG.java:114)at org.testng.remote.RemoteTestNG.initAndRun(RemoteTestNG.java:251)at org.testng.remote.RemoteTestNG.main(RemoteTestNG.java:77)]]>
            </full-stacktrace>
          </exception> <!-- org.openqa.selenium.SessionNotCreatedException -->
          <reporter-output>
          </reporter-output>
        </test-method> <!-- VerifyFlightspage -->
      </class> <!-- com.vp.tests.FlightPageTests -->
      <class name="com.vp.tests.SRPageTests">
        <test-method status="PASS" signature="verifySearchResultspage()[pri:2, instance:com.vp.tests.SRPageTests@cb644e]" name="verifySearchResultspage" duration-ms="0" started-at="2018-02-23T19:52:24Z" finished-at="2018-02-23T19:52:24Z">
          <reporter-output>
          </reporter-output>
        </test-method> <!-- verifySearchResultspage -->
        <test-method status="PASS" signature="openPKSummaryPage()[pri:3, instance:com.vp.tests.SRPageTests@cb644e]" name="openPKSummaryPage" duration-ms="0" started-at="2018-02-23T19:52:24Z" finished-at="2018-02-23T19:52:24Z">
          <reporter-output>
          </reporter-output>
        </test-method> <!-- openPKSummaryPage -->
      </class> <!-- com.vp.tests.SRPageTests -->
      <class name="com.vp.tests.GroupDetailsPageTests">
        <test-method status="FAIL" signature="verifyContinuebtnFunctionality()[pri:5, instance:com.vp.tests.GroupDetailsPageTests@56ef9176]" name="verifyContinuebtnFunctionality" duration-ms="0" started-at="2018-02-23T19:52:24Z" finished-at="2018-02-23T19:52:24Z">
          <exception class="org.openqa.selenium.SessionNotCreatedException">
            <message>
              <![CDATA[Tried to run command without establishing a connectionBuild info: version: '3.8.1', revision: '6e95a6684b', time: '2017-12-01T19:05:14.666Z'System info: host: 'ASH-LPT-19', ip: '10.0.10.72', os.name: 'Windows 10', os.arch: 'amd64', os.version: '10.0', java.version: '1.8.0_151'Driver info: org.openqa.selenium.firefox.FirefoxDriverCapabilities {acceptInsecureCerts: true, browserName: firefox, browserVersion: 57.0.2, javascriptEnabled: true, moz:accessibilityChecks: false, moz:headless: false, moz:processID: 10348, moz:profile: C:\Users\veera\AppData\Loca..., moz:webdriverClick: false, pageLoadStrategy: normal, platform: XP, platformName: XP, platformVersion: 10.0, rotatable: false, timeouts: {implicit: 0, pageLoad: 300000, script: 30000}}Session ID: c59a9a84-6599-4546-a13d-445e48bf9493]]>
            </message>
            <full-stacktrace>
              <![CDATA[org.openqa.selenium.SessionNotCreatedException: Tried to run command without establishing a connectionBuild info: version: '3.8.1', revision: '6e95a6684b', time: '2017-12-01T19:05:14.666Z'System info: host: 'ASH-LPT-19', ip: '10.0.10.72', os.name: 'Windows 10', os.arch: 'amd64', os.version: '10.0', java.version: '1.8.0_151'Driver info: org.openqa.selenium.firefox.FirefoxDriverCapabilities {acceptInsecureCerts: true, browserName: firefox, browserVersion: 57.0.2, javascriptEnabled: true, moz:accessibilityChecks: false, moz:headless: false, moz:processID: 10348, moz:profile: C:\Users\veera\AppData\Loca..., moz:webdriverClick: false, pageLoadStrategy: normal, platform: XP, platformName: XP, platformVersion: 10.0, rotatable: false, timeouts: {implicit: 0, pageLoad: 300000, script: 30000}}Session ID: c59a9a84-6599-4546-a13d-445e48bf9493at sun.reflect.NativeConstructorAccessorImpl.newInstance0(Native Method)at sun.reflect.NativeConstructorAccessorImpl.newInstance(Unknown Source)at sun.reflect.DelegatingConstructorAccessorImpl.newInstance(Unknown Source)at java.lang.reflect.Constructor.newInstance(Unknown Source)at org.openqa.selenium.remote.http.W3CHttpResponseCodec.createException(W3CHttpResponseCodec.java:187)at org.openqa.selenium.remote.http.W3CHttpResponseCodec.decode(W3CHttpResponseCodec.java:122)at org.openqa.selenium.remote.http.W3CHttpResponseCodec.decode(W3CHttpResponseCodec.java:49)at org.openqa.selenium.remote.HttpCommandExecutor.execute(HttpCommandExecutor.java:164)at org.openqa.selenium.remote.service.DriverCommandExecutor.execute(DriverCommandExecutor.java:83)at org.openqa.selenium.remote.RemoteWebDriver.execute(RemoteWebDriver.java:601)at org.openqa.selenium.remote.RemoteWebDriver.execute(RemoteWebDriver.java:658)at org.openqa.selenium.remote.RemoteWebDriver.getTitle(RemoteWebDriver.java:329)at com.vp.objects.GroupDetailPageObjects.verifyGroupDetailPageTitle(GroupDetailPageObjects.java:443)at com.vp.tests.GroupDetailsPageTests.verifyContinuebtnFunctionality(GroupDetailsPageTests.java:23)at sun.reflect.NativeMethodAccessorImpl.invoke0(Native Method)at sun.reflect.NativeMethodAccessorImpl.invoke(Unknown Source)at sun.reflect.DelegatingMethodAccessorImpl.invoke(Unknown Source)at java.lang.reflect.Method.invoke(Unknown Source)at org.testng.internal.MethodInvocationHelper.invokeMethod(MethodInvocationHelper.java:124)at org.testng.internal.Invoker.invokeMethod(Invoker.java:571)at org.testng.internal.Invoker.invokeTestMethod(Invoker.java:707)at org.testng.internal.Invoker.invokeTestMethods(Invoker.java:979)at org.testng.internal.TestMethodWorker.invokeTestMethods(TestMethodWorker.java:125)at org.testng.internal.TestMethodWorker.run(TestMethodWorker.java:109)at org.testng.TestRunner.privateRun(TestRunner.java:648)at org.testng.TestRunner.run(TestRunner.java:505)at org.testng.SuiteRunner.runTest(SuiteRunner.java:455)at org.testng.SuiteRunner.runSequentially(SuiteRunner.java:450)at org.testng.SuiteRunner.privateRun(SuiteRunner.java:415)at org.testng.SuiteRunner.run(SuiteRunner.java:364)at org.testng.SuiteRunnerWorker.runSuite(SuiteRunnerWorker.java:52)at org.testng.SuiteRunnerWorker.run(SuiteRunnerWorker.java:84)at org.testng.TestNG.runSuitesSequentially(TestNG.java:1187)at org.testng.TestNG.runSuitesLocally(TestNG.java:1116)at org.testng.TestNG.runSuites(TestNG.java:1028)at org.testng.TestNG.run(TestNG.java:996)at org.testng.remote.AbstractRemoteTestNG.run(AbstractRemoteTestNG.java:114)at org.testng.remote.RemoteTestNG.initAndRun(RemoteTestNG.java:251)at org.testng.remote.RemoteTestNG.main(RemoteTestNG.java:77)]]>
            </full-stacktrace>
          </exception> <!-- org.openqa.selenium.SessionNotCreatedException -->
          <reporter-output>
          </reporter-output>
        </test-method> <!-- verifyContinuebtnFunctionality -->
      </class> <!-- com.vp.tests.GroupDetailsPageTests -->
      <class name="com.vp.tests.ExtrasPageTests">
        <test-method status="FAIL" signature="VerifyExtrasPage()[pri:6, instance:com.vp.tests.ExtrasPageTests@4566e5bd]" name="VerifyExtrasPage" duration-ms="16" started-at="2018-02-23T19:52:24Z" finished-at="2018-02-23T19:52:24Z">
          <exception class="org.openqa.selenium.SessionNotCreatedException">
            <message>
              <![CDATA[Tried to run command without establishing a connectionBuild info: version: '3.8.1', revision: '6e95a6684b', time: '2017-12-01T19:05:14.666Z'System info: host: 'ASH-LPT-19', ip: '10.0.10.72', os.name: 'Windows 10', os.arch: 'amd64', os.version: '10.0', java.version: '1.8.0_151'Driver info: org.openqa.selenium.firefox.FirefoxDriverCapabilities {acceptInsecureCerts: true, browserName: firefox, browserVersion: 57.0.2, javascriptEnabled: true, moz:accessibilityChecks: false, moz:headless: false, moz:processID: 10348, moz:profile: C:\Users\veera\AppData\Loca..., moz:webdriverClick: false, pageLoadStrategy: normal, platform: XP, platformName: XP, platformVersion: 10.0, rotatable: false, timeouts: {implicit: 0, pageLoad: 300000, script: 30000}}Session ID: c59a9a84-6599-4546-a13d-445e48bf9493]]>
            </message>
            <full-stacktrace>
              <![CDATA[org.openqa.selenium.SessionNotCreatedException: Tried to run command without establishing a connectionBuild info: version: '3.8.1', revision: '6e95a6684b', time: '2017-12-01T19:05:14.666Z'System info: host: 'ASH-LPT-19', ip: '10.0.10.72', os.name: 'Windows 10', os.arch: 'amd64', os.version: '10.0', java.version: '1.8.0_151'Driver info: org.openqa.selenium.firefox.FirefoxDriverCapabilities {acceptInsecureCerts: true, browserName: firefox, browserVersion: 57.0.2, javascriptEnabled: true, moz:accessibilityChecks: false, moz:headless: false, moz:processID: 10348, moz:profile: C:\Users\veera\AppData\Loca..., moz:webdriverClick: false, pageLoadStrategy: normal, platform: XP, platformName: XP, platformVersion: 10.0, rotatable: false, timeouts: {implicit: 0, pageLoad: 300000, script: 30000}}Session ID: c59a9a84-6599-4546-a13d-445e48bf9493at sun.reflect.NativeConstructorAccessorImpl.newInstance0(Native Method)at sun.reflect.NativeConstructorAccessorImpl.newInstance(Unknown Source)at sun.reflect.DelegatingConstructorAccessorImpl.newInstance(Unknown Source)at java.lang.reflect.Constructor.newInstance(Unknown Source)at org.openqa.selenium.remote.http.W3CHttpResponseCodec.createException(W3CHttpResponseCodec.java:187)at org.openqa.selenium.remote.http.W3CHttpResponseCodec.decode(W3CHttpResponseCodec.java:122)at org.openqa.selenium.remote.http.W3CHttpResponseCodec.decode(W3CHttpResponseCodec.java:49)at org.openqa.selenium.remote.HttpCommandExecutor.execute(HttpCommandExecutor.java:164)at org.openqa.selenium.remote.service.DriverCommandExecutor.execute(DriverCommandExecutor.java:83)at org.openqa.selenium.remote.RemoteWebDriver.execute(RemoteWebDriver.java:601)at org.openqa.selenium.remote.RemoteWebDriver.execute(RemoteWebDriver.java:658)at org.openqa.selenium.remote.RemoteWebDriver.getTitle(RemoteWebDriver.java:329)at com.vp.objects.ExtrasPageObjects.verifyExtrasPageOpened(ExtrasPageObjects.java:30)at com.vp.tests.ExtrasPageTests.VerifyExtrasPage(ExtrasPageTests.java:17)at sun.reflect.NativeMethodAccessorImpl.invoke0(Native Method)at sun.reflect.NativeMethodAccessorImpl.invoke(Unknown Source)at sun.reflect.DelegatingMethodAccessorImpl.invoke(Unknown Source)at java.lang.reflect.Method.invoke(Unknown Source)at org.testng.internal.MethodInvocationHelper.invokeMethod(MethodInvocationHelper.java:124)at org.testng.internal.Invoker.invokeMethod(Invoker.java:571)at org.testng.internal.Invoker.invokeTestMethod(Invoker.java:707)at org.testng.internal.Invoker.invokeTestMethods(Invoker.java:979)at org.testng.internal.TestMethodWorker.invokeTestMethods(TestMethodWorker.java:125)at org.testng.internal.TestMethodWorker.run(TestMethodWorker.java:109)at org.testng.TestRunner.privateRun(TestRunner.java:648)at org.testng.TestRunner.run(TestRunner.java:505)at org.testng.SuiteRunner.runTest(SuiteRunner.java:455)at org.testng.SuiteRunner.runSequentially(SuiteRunner.java:450)at org.testng.SuiteRunner.privateRun(SuiteRunner.java:415)at org.testng.SuiteRunner.run(SuiteRunner.java:364)at org.testng.SuiteRunnerWorker.runSuite(SuiteRunnerWorker.java:52)at org.testng.SuiteRunnerWorker.run(SuiteRunnerWorker.java:84)at org.testng.TestNG.runSuitesSequentially(TestNG.java:1187)at org.testng.TestNG.runSuitesLocally(TestNG.java:1116)at org.testng.TestNG.runSuites(TestNG.java:1028)at org.testng.TestNG.run(TestNG.java:996)at org.testng.remote.AbstractRemoteTestNG.run(AbstractRemoteTestNG.java:114)at org.testng.remote.RemoteTestNG.initAndRun(RemoteTestNG.java:251)at org.testng.remote.RemoteTestNG.main(RemoteTestNG.java:77)]]>
            </full-stacktrace>
          </exception> <!-- org.openqa.selenium.SessionNotCreatedException -->
          <reporter-output>
          </reporter-output>
        </test-method> <!-- VerifyExtrasPage -->
      </class> <!-- com.vp.tests.ExtrasPageTests -->
      <class name="com.vp.tests.HomePageTests">
        <test-method status="FAIL" signature="verifySearchBtnFunctionality(java.lang.String, java.lang.String, java.lang.String, java.lang.String, java.lang.String, java.lang.String)[pri:1, instance:com.vp.tests.HomePageTests@5cb9f472]" name="verifySearchBtnFunctionality" duration-ms="60204" started-at="2018-02-23T19:51:24Z" finished-at="2018-02-23T19:52:24Z">
          <params>
            <param index="0">
              <value>
                <![CDATA[firefox]]>
              </value>
            </param>
            <param index="1">
              <value>
                <![CDATA[https://www.villaplus.com/]]>
              </value>
            </param>
            <param index="2">
              <value>
                <![CDATA[2]]>
              </value>
            </param>
            <param index="3">
              <value>
                <![CDATA[2]]>
              </value>
            </param>
            <param index="4">
              <value>
                <![CDATA[0]]>
              </value>
            </param>
            <param index="5">
              <value>
                <![CDATA[05-23-2020]]>
              </value>
            </param>
          </params>
          <exception class="org.openqa.selenium.SessionNotCreatedException">
            <message>
              <![CDATA[Tried to run command without establishing a connectionBuild info: version: '3.8.1', revision: '6e95a6684b', time: '2017-12-01T19:05:14.666Z'System info: host: 'ASH-LPT-19', ip: '10.0.10.72', os.name: 'Windows 10', os.arch: 'amd64', os.version: '10.0', java.version: '1.8.0_151'Driver info: org.openqa.selenium.firefox.FirefoxDriverCapabilities {acceptInsecureCerts: true, browserName: firefox, browserVersion: 57.0.2, javascriptEnabled: true, moz:accessibilityChecks: false, moz:headless: false, moz:processID: 10348, moz:profile: C:\Users\veera\AppData\Loca..., moz:webdriverClick: false, pageLoadStrategy: normal, platform: XP, platformName: XP, platformVersion: 10.0, rotatable: false, timeouts: {implicit: 0, pageLoad: 300000, script: 30000}}Session ID: c59a9a84-6599-4546-a13d-445e48bf9493*** Element info: {Using=class name, value=ui-datepicker-month}]]>
            </message>
            <full-stacktrace>
              <![CDATA[org.openqa.selenium.SessionNotCreatedException: Tried to run command without establishing a connectionBuild info: version: '3.8.1', revision: '6e95a6684b', time: '2017-12-01T19:05:14.666Z'System info: host: 'ASH-LPT-19', ip: '10.0.10.72', os.name: 'Windows 10', os.arch: 'amd64', os.version: '10.0', java.version: '1.8.0_151'Driver info: org.openqa.selenium.firefox.FirefoxDriverCapabilities {acceptInsecureCerts: true, browserName: firefox, browserVersion: 57.0.2, javascriptEnabled: true, moz:accessibilityChecks: false, moz:headless: false, moz:processID: 10348, moz:profile: C:\Users\veera\AppData\Loca..., moz:webdriverClick: false, pageLoadStrategy: normal, platform: XP, platformName: XP, platformVersion: 10.0, rotatable: false, timeouts: {implicit: 0, pageLoad: 300000, script: 30000}}Session ID: c59a9a84-6599-4546-a13d-445e48bf9493*** Element info: {Using=class name, value=ui-datepicker-month}at sun.reflect.NativeConstructorAccessorImpl.newInstance0(Native Method)at sun.reflect.NativeConstructorAccessorImpl.newInstance(Unknown Source)at sun.reflect.DelegatingConstructorAccessorImpl.newInstance(Unknown Source)at java.lang.reflect.Constructor.newInstance(Unknown Source)at org.openqa.selenium.remote.http.W3CHttpResponseCodec.createException(W3CHttpResponseCodec.java:187)at org.openqa.selenium.remote.http.W3CHttpResponseCodec.decode(W3CHttpResponseCodec.java:122)at org.openqa.selenium.remote.http.W3CHttpResponseCodec.decode(W3CHttpResponseCodec.java:49)at org.openqa.selenium.remote.HttpCommandExecutor.execute(HttpCommandExecutor.java:164)at org.openqa.selenium.remote.service.DriverCommandExecutor.execute(DriverCommandExecutor.java:83)at org.openqa.selenium.remote.RemoteWebDriver.execute(RemoteWebDriver.java:601)at org.openqa.selenium.remote.RemoteWebDriver.findElement(RemoteWebDriver.java:371)at org.openqa.selenium.remote.RemoteWebDriver.findElementByClassName(RemoteWebDriver.java:457)at org.openqa.selenium.By$ByClassName.findElement(By.java:391)at org.openqa.selenium.remote.RemoteWebDriver.findElement(RemoteWebDriver.java:363)at org.openqa.selenium.support.pagefactory.DefaultElementLocator.findElement(DefaultElementLocator.java:69)at org.openqa.selenium.support.pagefactory.internal.LocatingElementHandler.invoke(LocatingElementHandler.java:38)at com.sun.proxy.$Proxy8.getTagName(Unknown Source)at org.openqa.selenium.support.ui.Select.<init>(Select.java:44)at com.vp.objects.HomePageObjects.selectMonth(HomePageObjects.java:106)at com.vp.tests.HomePageTests.verifySearchBtnFunctionality(HomePageTests.java:46)at sun.reflect.NativeMethodAccessorImpl.invoke0(Native Method)at sun.reflect.NativeMethodAccessorImpl.invoke(Unknown Source)at sun.reflect.DelegatingMethodAccessorImpl.invoke(Unknown Source)at java.lang.reflect.Method.invoke(Unknown Source)at org.testng.internal.MethodInvocationHelper.invokeMethod(MethodInvocationHelper.java:124)at org.testng.internal.Invoker.invokeMethod(Invoker.java:571)at org.testng.internal.Invoker.invokeTestMethod(Invoker.java:707)at org.testng.internal.Invoker.invokeTestMethods(Invoker.java:979)at org.testng.internal.TestMethodWorker.invokeTestMethods(TestMethodWorker.java:125)at org.testng.internal.TestMethodWorker.run(TestMethodWorker.java:109)at org.testng.TestRunner.privateRun(TestRunner.java:648)at org.testng.TestRunner.run(TestRunner.java:505)at org.testng.SuiteRunner.runTest(SuiteRunner.java:455)at org.testng.SuiteRunner.runSequentially(SuiteRunner.java:450)at org.testng.SuiteRunner.privateRun(SuiteRunner.java:415)at org.testng.SuiteRunner.run(SuiteRunner.java:364)at org.testng.SuiteRunnerWorker.runSuite(SuiteRunnerWorker.java:52)at org.testng.SuiteRunnerWorker.run(SuiteRunnerWorker.java:84)at org.testng.TestNG.runSuitesSequentially(TestNG.java:1187)at org.testng.TestNG.runSuitesLocally(TestNG.java:1116)at org.testng.TestNG.runSuites(TestNG.java:1028)at org.testng.TestNG.run(TestNG.java:996)at org.testng.remote.AbstractRemoteTestNG.run(AbstractRemoteTestNG.java:114)at org.testng.remote.RemoteTestNG.initAndRun(RemoteTestNG.java:251)at org.testng.remote.RemoteTestNG.main(RemoteTestNG.java:77)]]>
            </full-stacktrace>
          </exception> <!-- org.openqa.selenium.SessionNotCreatedException -->
          <reporter-output>
          </reporter-output>
        </test-method> <!-- verifySearchBtnFunctionality -->
      </class> <!-- com.vp.tests.HomePageTests -->
    </test> <!-- RegressionTestsOnFirefox -->
  </suite> <!-- TestAutomationSmokeTests -->
</testng-results>
