<?xml version="1.0" encoding="UTF-8"?>
<!-- Generated by org.testng.reporters.JUnitXMLReporter -->
<testsuite hostname="ASH-LPT-19" ignored="2" name="VillaPlusTest" tests="3" failures="1" timestamp="10 Jan 2018 06:59:10 GMT" time="137.763" errors="0">
  <testcase name="verifySearchBtnFunctionality" time="97.567" classname="com.vp.tests.HomePageTests">
    <failure type="org.openqa.selenium.WebDriverException" message="unknown error: Element &amp;lt;select name=&amp;quot;ctl00$MainContent$quickSearch$ddAirports&amp;quot; id=&amp;quot;ddAirports&amp;quot; style=&amp;quot;width:216px;&amp;quot;&amp;gt;...&amp;lt;/select&amp;gt; is not clickable at point (1105, 430). Other element would receive the click: &amp;lt;span class=&amp;quot;ui-state-default&amp;quot;&amp;gt;...&amp;lt;/span&amp;gt;
  (Session info: chrome=63.0.3239.132)
  (Driver info: chromedriver=2.34.522940 (1a76f96f66e3ca7b8e57d503b4dd3bccfba87af1),platform=Windows NT 10.0.15063 x86_64) (WARNING: The server did not provide any stacktrace information)
Command duration or timeout: 0 milliseconds
Build info: version: &amp;apos;3.8.1&amp;apos;, revision: &amp;apos;6e95a6684b&amp;apos;, time: &amp;apos;2017-12-01T19:05:14.666Z&amp;apos;
System info: host: &amp;apos;ASH-LPT-19&amp;apos;, ip: &amp;apos;192.168.2.13&amp;apos;, os.name: &amp;apos;Windows 10&amp;apos;, os.arch: &amp;apos;amd64&amp;apos;, os.version: &amp;apos;10.0&amp;apos;, java.version: &amp;apos;1.8.0_151&amp;apos;
Driver info: org.openqa.selenium.chrome.ChromeDriver
Capabilities {acceptSslCerts: true, applicationCacheEnabled: false, browserConnectionEnabled: false, browserName: chrome, chrome: {chromedriverVersion: 2.34.522940 (1a76f96f66e3ca..., userDataDir: C:\Users\veera\AppData\Loca...}, cssSelectorsEnabled: true, databaseEnabled: false, handlesAlerts: true, hasTouchScreen: false, javascriptEnabled: true, locationContextEnabled: true, mobileEmulationEnabled: false, nativeEvents: true, networkConnectionEnabled: false, pageLoadStrategy: normal, platform: XP, platformName: XP, rotatable: false, setWindowRect: true, takesHeapSnapshot: true, takesScreenshot: true, unexpectedAlertBehaviour: , unhandledPromptBehavior: , version: 63.0.3239.132, webStorageEnabled: true}
Session ID: f1afd0e7c84b7547890cf4dc2337a91d">
      <![CDATA[org.openqa.selenium.WebDriverException: unknown error: Element <select name="ctl00$MainContent$quickSearch$ddAirports" id="ddAirports" style="width:216px;">...</select> is not clickable at point (1105, 430). Other element would receive the click: <span class="ui-state-default">...</span>  (Session info: chrome=63.0.3239.132)  (Driver info: chromedriver=2.34.522940 (1a76f96f66e3ca7b8e57d503b4dd3bccfba87af1),platform=Windows NT 10.0.15063 x86_64) (WARNING: The server did not provide any stacktrace information)Command duration or timeout: 0 millisecondsBuild info: version: '3.8.1', revision: '6e95a6684b', time: '2017-12-01T19:05:14.666Z'System info: host: 'ASH-LPT-19', ip: '192.168.2.13', os.name: 'Windows 10', os.arch: 'amd64', os.version: '10.0', java.version: '1.8.0_151'Driver info: org.openqa.selenium.chrome.ChromeDriverCapabilities {acceptSslCerts: true, applicationCacheEnabled: false, browserConnectionEnabled: false, browserName: chrome, chrome: {chromedriverVersion: 2.34.522940 (1a76f96f66e3ca..., userDataDir: C:\Users\veera\AppData\Loca...}, cssSelectorsEnabled: true, databaseEnabled: false, handlesAlerts: true, hasTouchScreen: false, javascriptEnabled: true, locationContextEnabled: true, mobileEmulationEnabled: false, nativeEvents: true, networkConnectionEnabled: false, pageLoadStrategy: normal, platform: XP, platformName: XP, rotatable: false, setWindowRect: true, takesHeapSnapshot: true, takesScreenshot: true, unexpectedAlertBehaviour: , unhandledPromptBehavior: , version: 63.0.3239.132, webStorageEnabled: true}Session ID: f1afd0e7c84b7547890cf4dc2337a91dat org.openqa.selenium.remote.ErrorHandler.createThrowable(ErrorHandler.java:214)at org.openqa.selenium.remote.ErrorHandler.throwIfResponseFailed(ErrorHandler.java:166)at org.openqa.selenium.remote.http.JsonHttpResponseCodec.reconstructValue(JsonHttpResponseCodec.java:40)at org.openqa.selenium.remote.http.AbstractHttpResponseCodec.decode(AbstractHttpResponseCodec.java:80)at org.openqa.selenium.remote.http.AbstractHttpResponseCodec.decode(AbstractHttpResponseCodec.java:44)at org.openqa.selenium.remote.HttpCommandExecutor.execute(HttpCommandExecutor.java:164)at org.openqa.selenium.remote.service.DriverCommandExecutor.execute(DriverCommandExecutor.java:83)at org.openqa.selenium.remote.RemoteWebDriver.execute(RemoteWebDriver.java:601)at org.openqa.selenium.remote.RemoteWebElement.execute(RemoteWebElement.java:279)at org.openqa.selenium.remote.RemoteWebElement.click(RemoteWebElement.java:83)at org.openqa.selenium.support.pagefactory.internal.LocatingElementHandler.invoke(LocatingElementHandler.java:51)at com.sun.proxy.$Proxy9.click(Unknown Source)at com.vp.objects.HomePageObjects.SelectAirport(HomePageObjects.java:240)at com.vp.tests.HomePageTests.verifySearchBtnFunctionality(HomePageTests.java:74)... Removed 33 stack frames]]>
    </failure>
  </testcase> <!-- verifySearchBtnFunctionality -->
  <testcase name="verifySearchResultspage" time="20.038" classname="com.vp.tests.SRPageTests"/>
  <testcase name="VerifyFlightspage" time="20.104" classname="com.vp.tests.FlightPageTests"/>
  <testcase name="@AfterSuite TeardownBrowser" time="0.0" classname="com.vp.utils.BaseUtils">
    <ignored/>
  </testcase> <!-- @AfterSuite TeardownBrowser -->
  <testcase name="@AfterSuite TeardownBrowser" time="0.0" classname="com.vp.utils.BaseUtils">
    <ignored/>
  </testcase> <!-- @AfterSuite TeardownBrowser -->
</testsuite> <!-- VillaPlusTest -->
